[0.044s] Invoking command in '/home/robot-ros/ros2_ws/build/linorobot2_gazebo': CMAKE_PREFIX_PATH=${CMAKE_PREFIX_PATH}:/opt/ros/humble /usr/bin/cmake /home/robot-ros/ros2_ws/src/linorobot2/linorobot2_gazebo -DCMAKE_INSTALL_PREFIX=/home/robot-ros/ros2_ws/install/linorobot2_gazebo
[0.514s] -- The C compiler identification is GNU 11.4.0
[0.917s] -- The CXX compiler identification is GNU 11.4.0
[0.990s] -- Detecting C compiler ABI info
[1.394s] -- Detecting C compiler ABI info - done
[1.423s] -- Check for working C compiler: /usr/bin/cc - skipped
[1.429s] -- Detecting C compile features
[1.429s] -- Detecting C compile features - done
[1.438s] -- Detecting CXX compiler ABI info
[1.896s] -- Detecting CXX compiler ABI info - done
[2.000s] -- Check for working CXX compiler: /usr/bin/c++ - skipped
[2.000s] -- Detecting CXX compile features
[2.014s] -- Detecting CXX compile features - done
[2.020s] -- Found ament_cmake: 1.3.11 (/opt/ros/humble/share/ament_cmake/cmake)
[5.403s] -- Found Python3: /usr/bin/python3 (found version "3.10.12") found components: Interpreter 
[5.659s] -- Found rclpy: 3.3.15 (/opt/ros/humble/share/rclpy/cmake)
[6.095s] /usr/lib/python3/dist-packages/scipy/__init__.py:146: UserWarning: A NumPy version >=1.17.3 and <1.25.0 is required for this version of SciPy (detected version 1.26.4
[6.097s]   warnings.warn(f"A NumPy version >={np_minversion} and <{np_maxversion}"
[9.293s] /home/robot-ros/ros2_ws/src/linorobot2/linorobot2_gazebo/scripts/map2gazebo.py:365: DeprecationWarning: `remove_duplicate_faces` is deprecated and will be removed in March 2024: replace with `mesh.update_faces(mesh.unique_faces())`
[9.294s]   mesh.remove_duplicate_faces()
[21.656s] -- Configuring done
[21.662s] -- Generating done
[21.668s] -- Build files have been written to: /home/robot-ros/ros2_ws/build/linorobot2_gazebo
[21.673s] Invoked command in '/home/robot-ros/ros2_ws/build/linorobot2_gazebo' returned '0': CMAKE_PREFIX_PATH=${CMAKE_PREFIX_PATH}:/opt/ros/humble /usr/bin/cmake /home/robot-ros/ros2_ws/src/linorobot2/linorobot2_gazebo -DCMAKE_INSTALL_PREFIX=/home/robot-ros/ros2_ws/install/linorobot2_gazebo
[21.675s] Invoking command in '/home/robot-ros/ros2_ws/build/linorobot2_gazebo': CMAKE_PREFIX_PATH=${CMAKE_PREFIX_PATH}:/opt/ros/humble /usr/bin/cmake --build /home/robot-ros/ros2_ws/build/linorobot2_gazebo -- -j4 -l4
[21.723s] Invoked command in '/home/robot-ros/ros2_ws/build/linorobot2_gazebo' returned '0': CMAKE_PREFIX_PATH=${CMAKE_PREFIX_PATH}:/opt/ros/humble /usr/bin/cmake --build /home/robot-ros/ros2_ws/build/linorobot2_gazebo -- -j4 -l4
[21.725s] Invoking command in '/home/robot-ros/ros2_ws/build/linorobot2_gazebo': CMAKE_PREFIX_PATH=${CMAKE_PREFIX_PATH}:/opt/ros/humble /usr/bin/cmake --install /home/robot-ros/ros2_ws/build/linorobot2_gazebo
[21.745s] -- Install configuration: ""
[21.745s] -- Installing: /home/robot-ros/ros2_ws/install/linorobot2_gazebo/share/linorobot2_gazebo/launch
[21.747s] -- Installing: /home/robot-ros/ros2_ws/install/linorobot2_gazebo/share/linorobot2_gazebo/launch/gazebo.launch.py
[21.748s] -- Installing: /home/robot-ros/ros2_ws/install/linorobot2_gazebo/share/linorobot2_gazebo/rviz
[21.748s] -- Installing: /home/robot-ros/ros2_ws/install/linorobot2_gazebo/share/linorobot2_gazebo/rviz/view_urdf.rviz
[21.748s] -- Up-to-date: /home/robot-ros/ros2_ws/install/linorobot2_gazebo/share/linorobot2_gazebo/worlds
[21.748s] -- Installing: /home/robot-ros/ros2_ws/install/linorobot2_gazebo/share/linorobot2_gazebo/worlds/gas_station.world
[21.748s] -- Installing: /home/robot-ros/ros2_ws/install/linorobot2_gazebo/share/linorobot2_gazebo/worlds/playground.world
[21.748s] -- Installing: /home/robot-ros/ros2_ws/install/linorobot2_gazebo/lib/linorobot2_gazebo/command_timeout.py
[21.753s] -- Installing: /home/robot-ros/ros2_ws/install/linorobot2_gazebo/share/linorobot2_gazebo/environment/linorobot2_gazebo.sh
[21.754s] -- Installing: /home/robot-ros/ros2_ws/install/linorobot2_gazebo/share/ament_index/resource_index/package_run_dependencies/linorobot2_gazebo
[21.757s] -- Installing: /home/robot-ros/ros2_ws/install/linorobot2_gazebo/share/ament_index/resource_index/parent_prefix_path/linorobot2_gazebo
[21.758s] -- Installing: /home/robot-ros/ros2_ws/install/linorobot2_gazebo/share/linorobot2_gazebo/environment/ament_prefix_path.sh
[21.758s] -- Installing: /home/robot-ros/ros2_ws/install/linorobot2_gazebo/share/linorobot2_gazebo/environment/ament_prefix_path.dsv
[21.758s] -- Installing: /home/robot-ros/ros2_ws/install/linorobot2_gazebo/share/linorobot2_gazebo/environment/path.sh
[21.758s] -- Installing: /home/robot-ros/ros2_ws/install/linorobot2_gazebo/share/linorobot2_gazebo/environment/path.dsv
[21.758s] -- Installing: /home/robot-ros/ros2_ws/install/linorobot2_gazebo/share/linorobot2_gazebo/local_setup.bash
[21.761s] -- Installing: /home/robot-ros/ros2_ws/install/linorobot2_gazebo/share/linorobot2_gazebo/local_setup.sh
[21.762s] -- Installing: /home/robot-ros/ros2_ws/install/linorobot2_gazebo/share/linorobot2_gazebo/local_setup.zsh
[21.762s] -- Installing: /home/robot-ros/ros2_ws/install/linorobot2_gazebo/share/linorobot2_gazebo/local_setup.dsv
[21.764s] -- Installing: /home/robot-ros/ros2_ws/install/linorobot2_gazebo/share/linorobot2_gazebo/package.dsv
[21.764s] -- Installing: /home/robot-ros/ros2_ws/install/linorobot2_gazebo/share/ament_index/resource_index/packages/linorobot2_gazebo
[21.764s] -- Installing: /home/robot-ros/ros2_ws/install/linorobot2_gazebo/share/linorobot2_gazebo/cmake/linorobot2_gazeboConfig.cmake
[21.767s] -- Installing: /home/robot-ros/ros2_ws/install/linorobot2_gazebo/share/linorobot2_gazebo/cmake/linorobot2_gazeboConfig-version.cmake
[21.767s] -- Installing: /home/robot-ros/ros2_ws/install/linorobot2_gazebo/share/linorobot2_gazebo/package.xml
[21.769s] Invoked command in '/home/robot-ros/ros2_ws/build/linorobot2_gazebo' returned '0': CMAKE_PREFIX_PATH=${CMAKE_PREFIX_PATH}:/opt/ros/humble /usr/bin/cmake --install /home/robot-ros/ros2_ws/build/linorobot2_gazebo
