[0.245s] Invoking command in '/home/robot-ros/ros2_ws/build/linorobot2_navigation': CMAKE_PREFIX_PATH=${CMAKE_PREFIX_PATH}:/opt/ros/humble /usr/bin/cmake --build /home/robot-ros/ros2_ws/build/linorobot2_navigation -- -j4 -l4
[0.459s] Invoked command in '/home/robot-ros/ros2_ws/build/linorobot2_navigation' returned '0': CMAKE_PREFIX_PATH=${CMAKE_PREFIX_PATH}:/opt/ros/humble /usr/bin/cmake --build /home/robot-ros/ros2_ws/build/linorobot2_navigation -- -j4 -l4
[0.472s] Invoking command in '/home/robot-ros/ros2_ws/build/linorobot2_navigation': CMAKE_PREFIX_PATH=${CMAKE_PREFIX_PATH}:/opt/ros/humble /usr/bin/cmake --install /home/robot-ros/ros2_ws/build/linorobot2_navigation
[0.532s] -- Install configuration: ""
[0.532s] -- Up-to-date: /home/robot-ros/ros2_ws/install/linorobot2_navigation/share/linorobot2_navigation/launch
[0.533s] -- Up-to-date: /home/robot-ros/ros2_ws/install/linorobot2_navigation/share/linorobot2_navigation/launch/navigation.launch.py
[0.533s] -- Up-to-date: /home/robot-ros/ros2_ws/install/linorobot2_navigation/share/linorobot2_navigation/launch/slam.launch.py
[0.546s] -- Up-to-date: /home/robot-ros/ros2_ws/install/linorobot2_navigation/share/linorobot2_navigation/rviz
[0.550s] -- Up-to-date: /home/robot-ros/ros2_ws/install/linorobot2_navigation/share/linorobot2_navigation/rviz/linorobot2_navigation_minimal.rviz
[0.551s] -- Up-to-date: /home/robot-ros/ros2_ws/install/linorobot2_navigation/share/linorobot2_navigation/rviz/linorobot2_navigation.rviz
[0.551s] -- Up-to-date: /home/robot-ros/ros2_ws/install/linorobot2_navigation/share/linorobot2_navigation/rviz/linorobot2_slam.rviz
[0.551s] -- Up-to-date: /home/robot-ros/ros2_ws/install/linorobot2_navigation/share/linorobot2_navigation/config
[0.552s] -- Up-to-date: /home/robot-ros/ros2_ws/install/linorobot2_navigation/share/linorobot2_navigation/config/navigation1.yaml
[0.556s] -- Up-to-date: /home/robot-ros/ros2_ws/install/linorobot2_navigation/share/linorobot2_navigation/config/navigation.yaml
[0.556s] -- Up-to-date: /home/robot-ros/ros2_ws/install/linorobot2_navigation/share/linorobot2_navigation/config/navigation_sim.yaml
[0.556s] -- Up-to-date: /home/robot-ros/ros2_ws/install/linorobot2_navigation/share/linorobot2_navigation/config/slam.yaml
[0.557s] -- Up-to-date: /home/robot-ros/ros2_ws/install/linorobot2_navigation/share/linorobot2_navigation/maps
[0.557s] -- Up-to-date: /home/robot-ros/ros2_ws/install/linorobot2_navigation/share/linorobot2_navigation/maps/playground.pgm
[0.557s] -- Up-to-date: /home/robot-ros/ros2_ws/install/linorobot2_navigation/share/linorobot2_navigation/maps/playground.yaml
[0.557s] -- Up-to-date: /home/robot-ros/ros2_ws/install/linorobot2_navigation/share/linorobot2_navigation/maps/map.pgm
[0.572s] -- Up-to-date: /home/robot-ros/ros2_ws/install/linorobot2_navigation/share/linorobot2_navigation/maps/map.yaml
[0.572s] -- Up-to-date: /home/robot-ros/ros2_ws/install/linorobot2_navigation/share/ament_index/resource_index/package_run_dependencies/linorobot2_navigation
[0.573s] -- Up-to-date: /home/robot-ros/ros2_ws/install/linorobot2_navigation/share/ament_index/resource_index/parent_prefix_path/linorobot2_navigation
[0.573s] -- Up-to-date: /home/robot-ros/ros2_ws/install/linorobot2_navigation/share/linorobot2_navigation/environment/ament_prefix_path.sh
[0.573s] -- Up-to-date: /home/robot-ros/ros2_ws/install/linorobot2_navigation/share/linorobot2_navigation/environment/ament_prefix_path.dsv
[0.573s] -- Up-to-date: /home/robot-ros/ros2_ws/install/linorobot2_navigation/share/linorobot2_navigation/environment/path.sh
[0.573s] -- Up-to-date: /home/robot-ros/ros2_ws/install/linorobot2_navigation/share/linorobot2_navigation/environment/path.dsv
[0.573s] -- Up-to-date: /home/robot-ros/ros2_ws/install/linorobot2_navigation/share/linorobot2_navigation/local_setup.bash
[0.573s] -- Up-to-date: /home/robot-ros/ros2_ws/install/linorobot2_navigation/share/linorobot2_navigation/local_setup.sh
[0.574s] -- Up-to-date: /home/robot-ros/ros2_ws/install/linorobot2_navigation/share/linorobot2_navigation/local_setup.zsh
[0.574s] -- Up-to-date: /home/robot-ros/ros2_ws/install/linorobot2_navigation/share/linorobot2_navigation/local_setup.dsv
[0.574s] -- Up-to-date: /home/robot-ros/ros2_ws/install/linorobot2_navigation/share/linorobot2_navigation/package.dsv
[0.574s] -- Up-to-date: /home/robot-ros/ros2_ws/install/linorobot2_navigation/share/ament_index/resource_index/packages/linorobot2_navigation
[0.575s] -- Up-to-date: /home/robot-ros/ros2_ws/install/linorobot2_navigation/share/linorobot2_navigation/cmake/linorobot2_navigationConfig.cmake
[0.575s] -- Up-to-date: /home/robot-ros/ros2_ws/install/linorobot2_navigation/share/linorobot2_navigation/cmake/linorobot2_navigationConfig-version.cmake
[0.581s] -- Up-to-date: /home/robot-ros/ros2_ws/install/linorobot2_navigation/share/linorobot2_navigation/package.xml
[0.665s] Invoked command in '/home/robot-ros/ros2_ws/build/linorobot2_navigation' returned '0': CMAKE_PREFIX_PATH=${CMAKE_PREFIX_PATH}:/opt/ros/humble /usr/bin/cmake --install /home/robot-ros/ros2_ws/build/linorobot2_navigation
