[0.064s] Invoking command in '/home/robot-ros/ros2_ws/build/linorobot2_base': CMAKE_PREFIX_PATH=${CMAKE_PREFIX_PATH}:/opt/ros/humble /usr/bin/cmake --build /home/robot-ros/ros2_ws/build/linorobot2_base -- -j4 -l4
[0.386s] Invoked command in '/home/robot-ros/ros2_ws/build/linorobot2_base' returned '0': CMAKE_PREFIX_PATH=${CMAKE_PREFIX_PATH}:/opt/ros/humble /usr/bin/cmake --build /home/robot-ros/ros2_ws/build/linorobot2_base -- -j4 -l4
[0.388s] Invoking command in '/home/robot-ros/ros2_ws/build/linorobot2_base': CMAKE_PREFIX_PATH=${CMAKE_PREFIX_PATH}:/opt/ros/humble /usr/bin/cmake --install /home/robot-ros/ros2_ws/build/linorobot2_base
[0.562s] -- Install configuration: ""
[0.563s] -- Up-to-date: /home/robot-ros/ros2_ws/install/linorobot2_base/share/linorobot2_base/config
[0.563s] -- Up-to-date: /home/robot-ros/ros2_ws/install/linorobot2_base/share/linorobot2_base/config/ekf.yaml
[0.563s] -- Up-to-date: /home/robot-ros/ros2_ws/install/linorobot2_base/share/ament_index/resource_index/package_run_dependencies/linorobot2_base
[0.564s] -- Up-to-date: /home/robot-ros/ros2_ws/install/linorobot2_base/share/ament_index/resource_index/parent_prefix_path/linorobot2_base
[0.564s] -- Up-to-date: /home/robot-ros/ros2_ws/install/linorobot2_base/share/linorobot2_base/environment/ament_prefix_path.sh
[0.564s] -- Up-to-date: /home/robot-ros/ros2_ws/install/linorobot2_base/share/linorobot2_base/environment/ament_prefix_path.dsv
[0.573s] -- Up-to-date: /home/robot-ros/ros2_ws/install/linorobot2_base/share/linorobot2_base/environment/path.sh
[0.574s] -- Up-to-date: /home/robot-ros/ros2_ws/install/linorobot2_base/share/linorobot2_base/environment/path.dsv
[0.575s] -- Up-to-date: /home/robot-ros/ros2_ws/install/linorobot2_base/share/linorobot2_base/local_setup.bash
[0.584s] -- Up-to-date: /home/robot-ros/ros2_ws/install/linorobot2_base/share/linorobot2_base/local_setup.sh
[0.585s] -- Up-to-date: /home/robot-ros/ros2_ws/install/linorobot2_base/share/linorobot2_base/local_setup.zsh
[0.585s] -- Up-to-date: /home/robot-ros/ros2_ws/install/linorobot2_base/share/linorobot2_base/local_setup.dsv
[0.585s] -- Installing: /home/robot-ros/ros2_ws/install/linorobot2_base/share/linorobot2_base/package.dsv
[0.586s] -- Up-to-date: /home/robot-ros/ros2_ws/install/linorobot2_base/share/ament_index/resource_index/packages/linorobot2_base
[0.586s] -- Up-to-date: /home/robot-ros/ros2_ws/install/linorobot2_base/share/linorobot2_base/cmake/linorobot2_baseConfig.cmake
[0.593s] -- Up-to-date: /home/robot-ros/ros2_ws/install/linorobot2_base/share/linorobot2_base/cmake/linorobot2_baseConfig-version.cmake
[0.595s] -- Up-to-date: /home/robot-ros/ros2_ws/install/linorobot2_base/share/linorobot2_base/package.xml
[0.786s] Invoked command in '/home/robot-ros/ros2_ws/build/linorobot2_base' returned '0': CMAKE_PREFIX_PATH=${CMAKE_PREFIX_PATH}:/opt/ros/humble /usr/bin/cmake --install /home/robot-ros/ros2_ws/build/linorobot2_base
