[0.072s] Invoking command in '/home/robot-ros/ros2_ws/build/linorobot2_navigation': CMAKE_PREFIX_PATH=${CMAKE_PREFIX_PATH}:/opt/ros/humble /usr/bin/cmake /home/robot-ros/ros2_ws/src/linorobot2/linorobot2_navigation -DCMAKE_INSTALL_PREFIX=/home/robot-ros/ros2_ws/install/linorobot2_navigation
[0.498s] -- The C compiler identification is GNU 11.4.0
[0.818s] -- The CXX compiler identification is GNU 11.4.0
[0.861s] -- Detecting C compiler ABI info
[1.347s] -- Detecting C compiler ABI info - done
[1.405s] -- Check for working C compiler: /usr/bin/cc - skipped
[1.408s] -- Detecting C compile features
[1.409s] -- Detecting C compile features - done
[1.437s] -- Detecting CXX compiler ABI info
[1.955s] -- Detecting CXX compiler ABI info - done
[2.022s] -- Check for working CXX compiler: /usr/bin/c++ - skipped
[2.022s] -- Detecting CXX compile features
[2.022s] -- Detecting CXX compile features - done
[2.032s] -- Found ament_cmake: 1.3.11 (/opt/ros/humble/share/ament_cmake/cmake)
[4.701s] -- Found Python3: /usr/bin/python3 (found version "3.10.12") found components: Interpreter 
[5.189s] -- Configuring done
[5.202s] -- Generating done
[5.209s] -- Build files have been written to: /home/robot-ros/ros2_ws/build/linorobot2_navigation
[5.231s] Invoked command in '/home/robot-ros/ros2_ws/build/linorobot2_navigation' returned '0': CMAKE_PREFIX_PATH=${CMAKE_PREFIX_PATH}:/opt/ros/humble /usr/bin/cmake /home/robot-ros/ros2_ws/src/linorobot2/linorobot2_navigation -DCMAKE_INSTALL_PREFIX=/home/robot-ros/ros2_ws/install/linorobot2_navigation
[5.239s] Invoking command in '/home/robot-ros/ros2_ws/build/linorobot2_navigation': CMAKE_PREFIX_PATH=${CMAKE_PREFIX_PATH}:/opt/ros/humble /usr/bin/cmake --build /home/robot-ros/ros2_ws/build/linorobot2_navigation -- -j4 -l4
[5.334s] Invoked command in '/home/robot-ros/ros2_ws/build/linorobot2_navigation' returned '0': CMAKE_PREFIX_PATH=${CMAKE_PREFIX_PATH}:/opt/ros/humble /usr/bin/cmake --build /home/robot-ros/ros2_ws/build/linorobot2_navigation -- -j4 -l4
[5.351s] Invoking command in '/home/robot-ros/ros2_ws/build/linorobot2_navigation': CMAKE_PREFIX_PATH=${CMAKE_PREFIX_PATH}:/opt/ros/humble /usr/bin/cmake --install /home/robot-ros/ros2_ws/build/linorobot2_navigation
[5.375s] -- Install configuration: ""
[5.376s] -- Installing: /home/robot-ros/ros2_ws/install/linorobot2_navigation/share/linorobot2_navigation/launch
[5.379s] -- Installing: /home/robot-ros/ros2_ws/install/linorobot2_navigation/share/linorobot2_navigation/launch/navigation.launch.py
[5.380s] -- Installing: /home/robot-ros/ros2_ws/install/linorobot2_navigation/share/linorobot2_navigation/launch/slam.launch.py
[5.380s] -- Installing: /home/robot-ros/ros2_ws/install/linorobot2_navigation/share/linorobot2_navigation/rviz
[5.380s] -- Installing: /home/robot-ros/ros2_ws/install/linorobot2_navigation/share/linorobot2_navigation/rviz/linorobot2_navigation_minimal.rviz
[5.380s] -- Installing: /home/robot-ros/ros2_ws/install/linorobot2_navigation/share/linorobot2_navigation/rviz/linorobot2_navigation.rviz
[5.380s] -- Installing: /home/robot-ros/ros2_ws/install/linorobot2_navigation/share/linorobot2_navigation/rviz/linorobot2_slam.rviz
[5.380s] -- Installing: /home/robot-ros/ros2_ws/install/linorobot2_navigation/share/linorobot2_navigation/config
[5.380s] -- Installing: /home/robot-ros/ros2_ws/install/linorobot2_navigation/share/linorobot2_navigation/config/navigation1.yaml
[5.381s] -- Installing: /home/robot-ros/ros2_ws/install/linorobot2_navigation/share/linorobot2_navigation/config/navigation.yaml
[5.381s] -- Installing: /home/robot-ros/ros2_ws/install/linorobot2_navigation/share/linorobot2_navigation/config/navigation_sim.yaml
[5.381s] -- Installing: /home/robot-ros/ros2_ws/install/linorobot2_navigation/share/linorobot2_navigation/config/slam.yaml
[5.381s] -- Installing: /home/robot-ros/ros2_ws/install/linorobot2_navigation/share/linorobot2_navigation/maps
[5.381s] -- Installing: /home/robot-ros/ros2_ws/install/linorobot2_navigation/share/linorobot2_navigation/maps/playground.pgm
[5.381s] -- Installing: /home/robot-ros/ros2_ws/install/linorobot2_navigation/share/linorobot2_navigation/maps/playground.yaml
[5.381s] -- Installing: /home/robot-ros/ros2_ws/install/linorobot2_navigation/share/linorobot2_navigation/maps/map.pgm
[5.383s] -- Installing: /home/robot-ros/ros2_ws/install/linorobot2_navigation/share/linorobot2_navigation/maps/map.yaml
[5.384s] -- Installing: /home/robot-ros/ros2_ws/install/linorobot2_navigation/share/ament_index/resource_index/package_run_dependencies/linorobot2_navigation
[5.384s] -- Installing: /home/robot-ros/ros2_ws/install/linorobot2_navigation/share/ament_index/resource_index/parent_prefix_path/linorobot2_navigation
[5.385s] -- Installing: /home/robot-ros/ros2_ws/install/linorobot2_navigation/share/linorobot2_navigation/environment/ament_prefix_path.sh
[5.385s] -- Installing: /home/robot-ros/ros2_ws/install/linorobot2_navigation/share/linorobot2_navigation/environment/ament_prefix_path.dsv
[5.385s] -- Installing: /home/robot-ros/ros2_ws/install/linorobot2_navigation/share/linorobot2_navigation/environment/path.sh
[5.386s] -- Installing: /home/robot-ros/ros2_ws/install/linorobot2_navigation/share/linorobot2_navigation/environment/path.dsv
[5.386s] -- Installing: /home/robot-ros/ros2_ws/install/linorobot2_navigation/share/linorobot2_navigation/local_setup.bash
[5.387s] -- Installing: /home/robot-ros/ros2_ws/install/linorobot2_navigation/share/linorobot2_navigation/local_setup.sh
[5.387s] -- Installing: /home/robot-ros/ros2_ws/install/linorobot2_navigation/share/linorobot2_navigation/local_setup.zsh
[5.387s] -- Installing: /home/robot-ros/ros2_ws/install/linorobot2_navigation/share/linorobot2_navigation/local_setup.dsv
[5.387s] -- Installing: /home/robot-ros/ros2_ws/install/linorobot2_navigation/share/linorobot2_navigation/package.dsv
[5.387s] -- Installing: /home/robot-ros/ros2_ws/install/linorobot2_navigation/share/ament_index/resource_index/packages/linorobot2_navigation
[5.388s] -- Installing: /home/robot-ros/ros2_ws/install/linorobot2_navigation/share/linorobot2_navigation/cmake/linorobot2_navigationConfig.cmake
[5.388s] -- Installing: /home/robot-ros/ros2_ws/install/linorobot2_navigation/share/linorobot2_navigation/cmake/linorobot2_navigationConfig-version.cmake
[5.389s] -- Installing: /home/robot-ros/ros2_ws/install/linorobot2_navigation/share/linorobot2_navigation/package.xml
[5.394s] Invoked command in '/home/robot-ros/ros2_ws/build/linorobot2_navigation' returned '0': CMAKE_PREFIX_PATH=${CMAKE_PREFIX_PATH}:/opt/ros/humble /usr/bin/cmake --install /home/robot-ros/ros2_ws/build/linorobot2_navigation
