[0.218s] Invoking command in '/home/robot-ros/ros2_ws/build/linorobot2_gazebo': CMAKE_PREFIX_PATH=${CMAKE_PREFIX_PATH}:/opt/ros/humble /usr/bin/cmake --build /home/robot-ros/ros2_ws/build/linorobot2_gazebo -- -j4 -l4
[0.448s] Invoked command in '/home/robot-ros/ros2_ws/build/linorobot2_gazebo' returned '0': CMAKE_PREFIX_PATH=${CMAKE_PREFIX_PATH}:/opt/ros/humble /usr/bin/cmake --build /home/robot-ros/ros2_ws/build/linorobot2_gazebo -- -j4 -l4
[0.452s] Invoking command in '/home/robot-ros/ros2_ws/build/linorobot2_gazebo': CMAKE_PREFIX_PATH=${CMAKE_PREFIX_PATH}:/opt/ros/humble /usr/bin/cmake --install /home/robot-ros/ros2_ws/build/linorobot2_gazebo
[0.498s] -- Install configuration: ""
[0.499s] -- Up-to-date: /home/robot-ros/ros2_ws/install/linorobot2_gazebo/share/linorobot2_gazebo/launch
[0.507s] -- Up-to-date: /home/robot-ros/ros2_ws/install/linorobot2_gazebo/share/linorobot2_gazebo/launch/gazebo.launch.py
[0.508s] -- Up-to-date: /home/robot-ros/ros2_ws/install/linorobot2_gazebo/share/linorobot2_gazebo/rviz
[0.508s] -- Up-to-date: /home/robot-ros/ros2_ws/install/linorobot2_gazebo/share/linorobot2_gazebo/rviz/view_urdf.rviz
[0.515s] -- Up-to-date: /home/robot-ros/ros2_ws/install/linorobot2_gazebo/share/linorobot2_gazebo/worlds
[0.516s] -- Up-to-date: /home/robot-ros/ros2_ws/install/linorobot2_gazebo/share/linorobot2_gazebo/worlds/gas_station.world
[0.527s] -- Up-to-date: /home/robot-ros/ros2_ws/install/linorobot2_gazebo/share/linorobot2_gazebo/worlds/playground.world
[0.527s] -- Up-to-date: /home/robot-ros/ros2_ws/install/linorobot2_gazebo/lib/linorobot2_gazebo/command_timeout.py
[0.528s] -- Up-to-date: /home/robot-ros/ros2_ws/install/linorobot2_gazebo/share/linorobot2_gazebo/environment/linorobot2_gazebo.sh
[0.528s] -- Up-to-date: /home/robot-ros/ros2_ws/install/linorobot2_gazebo/share/ament_index/resource_index/package_run_dependencies/linorobot2_gazebo
[0.529s] -- Up-to-date: /home/robot-ros/ros2_ws/install/linorobot2_gazebo/share/ament_index/resource_index/parent_prefix_path/linorobot2_gazebo
[0.529s] -- Up-to-date: /home/robot-ros/ros2_ws/install/linorobot2_gazebo/share/linorobot2_gazebo/environment/ament_prefix_path.sh
[0.529s] -- Up-to-date: /home/robot-ros/ros2_ws/install/linorobot2_gazebo/share/linorobot2_gazebo/environment/ament_prefix_path.dsv
[0.529s] -- Up-to-date: /home/robot-ros/ros2_ws/install/linorobot2_gazebo/share/linorobot2_gazebo/environment/path.sh
[0.529s] -- Up-to-date: /home/robot-ros/ros2_ws/install/linorobot2_gazebo/share/linorobot2_gazebo/environment/path.dsv
[0.529s] -- Up-to-date: /home/robot-ros/ros2_ws/install/linorobot2_gazebo/share/linorobot2_gazebo/local_setup.bash
[0.529s] -- Up-to-date: /home/robot-ros/ros2_ws/install/linorobot2_gazebo/share/linorobot2_gazebo/local_setup.sh
[0.530s] -- Up-to-date: /home/robot-ros/ros2_ws/install/linorobot2_gazebo/share/linorobot2_gazebo/local_setup.zsh
[0.530s] -- Up-to-date: /home/robot-ros/ros2_ws/install/linorobot2_gazebo/share/linorobot2_gazebo/local_setup.dsv
[0.530s] -- Up-to-date: /home/robot-ros/ros2_ws/install/linorobot2_gazebo/share/linorobot2_gazebo/package.dsv
[0.533s] -- Up-to-date: /home/robot-ros/ros2_ws/install/linorobot2_gazebo/share/ament_index/resource_index/packages/linorobot2_gazebo
[0.536s] -- Up-to-date: /home/robot-ros/ros2_ws/install/linorobot2_gazebo/share/linorobot2_gazebo/cmake/linorobot2_gazeboConfig.cmake
[0.537s] -- Up-to-date: /home/robot-ros/ros2_ws/install/linorobot2_gazebo/share/linorobot2_gazebo/cmake/linorobot2_gazeboConfig-version.cmake
[0.538s] -- Up-to-date: /home/robot-ros/ros2_ws/install/linorobot2_gazebo/share/linorobot2_gazebo/package.xml
[0.543s] Invoked command in '/home/robot-ros/ros2_ws/build/linorobot2_gazebo' returned '0': CMAKE_PREFIX_PATH=${CMAKE_PREFIX_PATH}:/opt/ros/humble /usr/bin/cmake --install /home/robot-ros/ros2_ws/build/linorobot2_gazebo
