[0.113s] Invoking command in '/home/robot-ros/ros2_ws/build/micro_ros_msgs': CMAKE_PREFIX_PATH=${CMAKE_PREFIX_PATH}:/opt/ros/humble /usr/bin/cmake /home/robot-ros/ros2_ws/src/uros/micro_ros_msgs -DCMAKE_INSTALL_PREFIX=/home/robot-ros/ros2_ws/install/micro_ros_msgs
[0.562s] -- The C compiler identification is GNU 11.4.0
[0.875s] -- The CXX compiler identification is GNU 11.4.0
[0.887s] -- Detecting C compiler ABI info
[1.376s] -- Detecting C compiler ABI info - done
[1.479s] -- Check for working C compiler: /usr/bin/cc - skipped
[1.490s] -- Detecting C compile features
[1.490s] -- Detecting C compile features - done
[1.518s] -- Detecting CXX compiler ABI info
[2.072s] -- Detecting CXX compiler ABI info - done
[2.095s] -- Check for working CXX compiler: /usr/bin/c++ - skipped
[2.104s] -- Detecting CXX compile features
[2.104s] -- Detecting CXX compile features - done
[2.110s] -- Found ament_cmake: 1.3.11 (/opt/ros/humble/share/ament_cmake/cmake)
[6.627s] -- Found Python3: /usr/bin/python3 (found version "3.10.12") found components: Interpreter 
[7.019s] -- Found rosidl_default_generators: 1.2.0 (/opt/ros/humble/share/rosidl_default_generators/cmake)
[7.031s] -- Using all available rosidl_typesupport_c: rosidl_typesupport_fastrtps_c;rosidl_typesupport_introspection_c
[7.043s] -- Found rosidl_adapter: 3.1.6 (/opt/ros/humble/share/rosidl_adapter/cmake)
[7.155s] -- Using all available rosidl_typesupport_cpp: rosidl_typesupport_fastrtps_cpp;rosidl_typesupport_introspection_cpp
[7.273s] -- Found ament_lint_auto: 0.12.11 (/opt/ros/humble/share/ament_lint_auto/cmake)
[8.918s] -- Found ament_cmake_ros: 0.10.0 (/opt/ros/humble/share/ament_cmake_ros/cmake)
[10.122s] -- Using all available rosidl_typesupport_c: rosidl_typesupport_fastrtps_c;rosidl_typesupport_introspection_c
[11.366s] -- Using all available rosidl_typesupport_cpp: rosidl_typesupport_fastrtps_cpp;rosidl_typesupport_introspection_cpp
[11.570s] -- Found PythonInterp: /usr/bin/python3 (found suitable version "3.10.12", minimum required is "3.6") 
[11.593s] -- Found python_cmake_module: 0.10.0 (/opt/ros/humble/share/python_cmake_module/cmake)
[11.751s] -- Found PythonLibs: /usr/lib/x86_64-linux-gnu/libpython3.10.so (found suitable version "3.10.12", minimum required is "3.5") 
[11.752s] -- Using PYTHON_EXECUTABLE: /usr/bin/python3
[11.752s] -- Using PYTHON_INCLUDE_DIRS: /usr/include/python3.10
[11.752s] -- Using PYTHON_LIBRARIES: /usr/lib/x86_64-linux-gnu/libpython3.10.so
[11.956s] -- Found PythonExtra: .so  
[12.245s] -- Added test 'copyright' to check source files copyright and LICENSE
[12.278s] -- Added test 'lint_cmake' to check CMake code style
[12.318s] -- Added test 'xmllint' to check XML markup files
[12.338s] -- Configuring done
[12.538s] -- Generating done
[12.603s] -- Build files have been written to: /home/robot-ros/ros2_ws/build/micro_ros_msgs
[12.620s] Invoked command in '/home/robot-ros/ros2_ws/build/micro_ros_msgs' returned '0': CMAKE_PREFIX_PATH=${CMAKE_PREFIX_PATH}:/opt/ros/humble /usr/bin/cmake /home/robot-ros/ros2_ws/src/uros/micro_ros_msgs -DCMAKE_INSTALL_PREFIX=/home/robot-ros/ros2_ws/install/micro_ros_msgs
[12.628s] Invoking command in '/home/robot-ros/ros2_ws/build/micro_ros_msgs': CMAKE_PREFIX_PATH=${CMAKE_PREFIX_PATH}:/opt/ros/humble /usr/bin/cmake --build /home/robot-ros/ros2_ws/build/micro_ros_msgs -- -j4 -l4
[12.730s] [  2%] [34m[1mGenerating C code for ROS interfaces[0m
[14.040s] [  4%] [32mBuilding C object CMakeFiles/micro_ros_msgs__rosidl_generator_c.dir/rosidl_generator_c/micro_ros_msgs/msg/detail/graph__functions.c.o[0m
[14.134s] [  6%] [32mBuilding C object CMakeFiles/micro_ros_msgs__rosidl_generator_c.dir/rosidl_generator_c/micro_ros_msgs/msg/detail/node__functions.c.o[0m
[14.252s] [  8%] [32mBuilding C object CMakeFiles/micro_ros_msgs__rosidl_generator_c.dir/rosidl_generator_c/micro_ros_msgs/msg/detail/entity__functions.c.o[0m
[14.390s] [ 10%] [32m[1mLinking C shared library libmicro_ros_msgs__rosidl_generator_c.so[0m
[14.485s] [ 10%] Built target micro_ros_msgs__rosidl_generator_c
[14.538s] [ 10%] Built target ament_cmake_python_copy_micro_ros_msgs
[14.557s] [ 12%] [34m[1mGenerating C type support dispatch for ROS interfaces[0m
[15.624s] [ 14%] [32mBuilding CXX object CMakeFiles/micro_ros_msgs__rosidl_typesupport_c.dir/rosidl_typesupport_c/micro_ros_msgs/msg/graph__type_support.cpp.o[0m
[15.706s] [ 17%] [32mBuilding CXX object CMakeFiles/micro_ros_msgs__rosidl_typesupport_c.dir/rosidl_typesupport_c/micro_ros_msgs/msg/node__type_support.cpp.o[0m
[15.751s] [ 19%] [32mBuilding CXX object CMakeFiles/micro_ros_msgs__rosidl_typesupport_c.dir/rosidl_typesupport_c/micro_ros_msgs/msg/entity__type_support.cpp.o[0m
[15.824s] [ 21%] [32m[1mLinking CXX shared library libmicro_ros_msgs__rosidl_typesupport_c.so[0m
[16.011s] [ 21%] Built target micro_ros_msgs__rosidl_typesupport_c
[16.068s] [ 23%] [34m[1mGenerating C type support for eProsima Fast-RTPS[0m
[17.352s] [ 25%] [32mBuilding CXX object CMakeFiles/micro_ros_msgs__rosidl_typesupport_fastrtps_c.dir/rosidl_typesupport_fastrtps_c/micro_ros_msgs/msg/detail/graph__type_support_c.cpp.o[0m
[18.395s] [ 27%] [32mBuilding CXX object CMakeFiles/micro_ros_msgs__rosidl_typesupport_fastrtps_c.dir/rosidl_typesupport_fastrtps_c/micro_ros_msgs/msg/detail/node__type_support_c.cpp.o[0m
[19.534s] [ 29%] [32mBuilding CXX object CMakeFiles/micro_ros_msgs__rosidl_typesupport_fastrtps_c.dir/rosidl_typesupport_fastrtps_c/micro_ros_msgs/msg/detail/entity__type_support_c.cpp.o[0m
[20.256s] [ 31%] [32m[1mLinking CXX shared library libmicro_ros_msgs__rosidl_typesupport_fastrtps_c.so[0m
[20.427s] [ 31%] Built target micro_ros_msgs__rosidl_typesupport_fastrtps_c
[21.204s] running egg_info
[21.206s] creating micro_ros_msgs.egg-info
[21.227s] writing micro_ros_msgs.egg-info/PKG-INFO
[21.228s] writing dependency_links to micro_ros_msgs.egg-info/dependency_links.txt
[21.229s] writing top-level names to micro_ros_msgs.egg-info/top_level.txt
[21.229s] writing manifest file 'micro_ros_msgs.egg-info/SOURCES.txt'
[21.324s] reading manifest file 'micro_ros_msgs.egg-info/SOURCES.txt'
[21.325s] writing manifest file 'micro_ros_msgs.egg-info/SOURCES.txt'
[21.458s] [ 31%] Built target ament_cmake_python_build_micro_ros_msgs_egg
[21.481s] [ 34%] [34m[1mGenerating C introspection for ROS interfaces[0m
[22.294s] [ 36%] [32mBuilding C object CMakeFiles/micro_ros_msgs__rosidl_typesupport_introspection_c.dir/rosidl_typesupport_introspection_c/micro_ros_msgs/msg/detail/graph__type_support.c.o[0m
[22.366s] [ 38%] [32mBuilding C object CMakeFiles/micro_ros_msgs__rosidl_typesupport_introspection_c.dir/rosidl_typesupport_introspection_c/micro_ros_msgs/msg/detail/entity__type_support.c.o[0m
[22.442s] [ 40%] [32mBuilding C object CMakeFiles/micro_ros_msgs__rosidl_typesupport_introspection_c.dir/rosidl_typesupport_introspection_c/micro_ros_msgs/msg/detail/node__type_support.c.o[0m
[22.518s] [ 42%] [32m[1mLinking C shared library libmicro_ros_msgs__rosidl_typesupport_introspection_c.so[0m
[22.569s] [ 42%] Built target micro_ros_msgs__rosidl_typesupport_introspection_c
[22.613s] [ 44%] [34m[1mGenerating C++ code for ROS interfaces[0m
[23.625s] [ 44%] Built target micro_ros_msgs__cpp
[23.637s] [ 46%] [34m[1mGenerating C++ type support for eProsima Fast-RTPS[0m
[24.511s] [ 48%] [32mBuilding CXX object CMakeFiles/micro_ros_msgs__rosidl_typesupport_fastrtps_cpp.dir/rosidl_typesupport_fastrtps_cpp/micro_ros_msgs/msg/detail/dds_fastrtps/graph__type_support.cpp.o[0m
[25.352s] [ 51%] [32mBuilding CXX object CMakeFiles/micro_ros_msgs__rosidl_typesupport_fastrtps_cpp.dir/rosidl_typesupport_fastrtps_cpp/micro_ros_msgs/msg/detail/dds_fastrtps/node__type_support.cpp.o[0m
[26.340s] [ 53%] [32mBuilding CXX object CMakeFiles/micro_ros_msgs__rosidl_typesupport_fastrtps_cpp.dir/rosidl_typesupport_fastrtps_cpp/micro_ros_msgs/msg/detail/dds_fastrtps/entity__type_support.cpp.o[0m
[27.183s] [ 55%] [32m[1mLinking CXX shared library libmicro_ros_msgs__rosidl_typesupport_fastrtps_cpp.so[0m
[27.375s] [ 55%] Built target micro_ros_msgs__rosidl_typesupport_fastrtps_cpp
[27.393s] [ 57%] [34m[1mGenerating C++ type support dispatch for ROS interfaces[0m
[28.008s] [ 59%] [32mBuilding CXX object CMakeFiles/micro_ros_msgs__rosidl_typesupport_cpp.dir/rosidl_typesupport_cpp/micro_ros_msgs/msg/graph__type_support.cpp.o[0m
[28.467s] [ 61%] [32mBuilding CXX object CMakeFiles/micro_ros_msgs__rosidl_typesupport_cpp.dir/rosidl_typesupport_cpp/micro_ros_msgs/msg/entity__type_support.cpp.o[0m
[28.947s] [ 63%] [32mBuilding CXX object CMakeFiles/micro_ros_msgs__rosidl_typesupport_cpp.dir/rosidl_typesupport_cpp/micro_ros_msgs/msg/node__type_support.cpp.o[0m
[29.503s] [ 65%] [32m[1mLinking CXX shared library libmicro_ros_msgs__rosidl_typesupport_cpp.so[0m
[29.578s] [ 65%] Built target micro_ros_msgs__rosidl_typesupport_cpp
[29.595s] [ 68%] [34m[1mGenerating C++ introspection for ROS interfaces[0m
[30.268s] [ 70%] [32mBuilding CXX object CMakeFiles/micro_ros_msgs__rosidl_typesupport_introspection_cpp.dir/rosidl_typesupport_introspection_cpp/micro_ros_msgs/msg/detail/graph__type_support.cpp.o[0m
[31.225s] [ 72%] [32mBuilding CXX object CMakeFiles/micro_ros_msgs__rosidl_typesupport_introspection_cpp.dir/rosidl_typesupport_introspection_cpp/micro_ros_msgs/msg/detail/entity__type_support.cpp.o[0m
[31.807s] [ 74%] [32mBuilding CXX object CMakeFiles/micro_ros_msgs__rosidl_typesupport_introspection_cpp.dir/rosidl_typesupport_introspection_cpp/micro_ros_msgs/msg/detail/node__type_support.cpp.o[0m
[32.422s] [ 76%] [32m[1mLinking CXX shared library libmicro_ros_msgs__rosidl_typesupport_introspection_cpp.so[0m
[32.549s] [ 76%] Built target micro_ros_msgs__rosidl_typesupport_introspection_cpp
[32.586s] [ 76%] Built target micro_ros_msgs
[32.608s] [ 78%] [34m[1mGenerating Python code for ROS interfaces[0m
[33.483s] [ 78%] Built target micro_ros_msgs__py
[33.509s] [ 80%] [32mBuilding C object CMakeFiles/micro_ros_msgs__rosidl_generator_py.dir/rosidl_generator_py/micro_ros_msgs/msg/_graph_s.c.o[0m
[33.681s] [ 82%] [32mBuilding C object CMakeFiles/micro_ros_msgs__rosidl_generator_py.dir/rosidl_generator_py/micro_ros_msgs/msg/_entity_s.c.o[0m
[33.815s] [ 85%] [32mBuilding C object CMakeFiles/micro_ros_msgs__rosidl_generator_py.dir/rosidl_generator_py/micro_ros_msgs/msg/_node_s.c.o[0m
[33.961s] [ 87%] [32m[1mLinking C shared library rosidl_generator_py/micro_ros_msgs/libmicro_ros_msgs__rosidl_generator_py.so[0m
[34.017s] [ 87%] Built target micro_ros_msgs__rosidl_generator_py
[34.041s] [ 89%] [32mBuilding C object CMakeFiles/micro_ros_msgs__rosidl_typesupport_fastrtps_c__pyext.dir/rosidl_generator_py/micro_ros_msgs/_micro_ros_msgs_s.ep.rosidl_typesupport_fastrtps_c.c.o[0m
[34.194s] [ 91%] [32m[1mLinking C shared library rosidl_generator_py/micro_ros_msgs/micro_ros_msgs_s__rosidl_typesupport_fastrtps_c.cpython-310-x86_64-linux-gnu.so[0m
[34.236s] [ 91%] Built target micro_ros_msgs__rosidl_typesupport_fastrtps_c__pyext
[34.270s] [ 93%] [32mBuilding C object CMakeFiles/micro_ros_msgs__rosidl_typesupport_c__pyext.dir/rosidl_generator_py/micro_ros_msgs/_micro_ros_msgs_s.ep.rosidl_typesupport_c.c.o[0m
[34.410s] [ 95%] [32m[1mLinking C shared library rosidl_generator_py/micro_ros_msgs/micro_ros_msgs_s__rosidl_typesupport_c.cpython-310-x86_64-linux-gnu.so[0m
[34.454s] [ 95%] Built target micro_ros_msgs__rosidl_typesupport_c__pyext
[34.488s] [ 97%] [32mBuilding C object CMakeFiles/micro_ros_msgs__rosidl_typesupport_introspection_c__pyext.dir/rosidl_generator_py/micro_ros_msgs/_micro_ros_msgs_s.ep.rosidl_typesupport_introspection_c.c.o[0m
[34.612s] [100%] [32m[1mLinking C shared library rosidl_generator_py/micro_ros_msgs/micro_ros_msgs_s__rosidl_typesupport_introspection_c.cpython-310-x86_64-linux-gnu.so[0m
[34.654s] [100%] Built target micro_ros_msgs__rosidl_typesupport_introspection_c__pyext
[34.681s] Invoked command in '/home/robot-ros/ros2_ws/build/micro_ros_msgs' returned '0': CMAKE_PREFIX_PATH=${CMAKE_PREFIX_PATH}:/opt/ros/humble /usr/bin/cmake --build /home/robot-ros/ros2_ws/build/micro_ros_msgs -- -j4 -l4
[34.683s] Invoking command in '/home/robot-ros/ros2_ws/build/micro_ros_msgs': CMAKE_PREFIX_PATH=${CMAKE_PREFIX_PATH}:/opt/ros/humble /usr/bin/cmake --install /home/robot-ros/ros2_ws/build/micro_ros_msgs
[34.701s] -- Install configuration: ""
[34.702s] -- Installing: /home/robot-ros/ros2_ws/install/micro_ros_msgs/share/ament_index/resource_index/rosidl_interfaces/micro_ros_msgs
[34.703s] -- Installing: /home/robot-ros/ros2_ws/install/micro_ros_msgs/include/micro_ros_msgs/micro_ros_msgs
[34.703s] -- Installing: /home/robot-ros/ros2_ws/install/micro_ros_msgs/include/micro_ros_msgs/micro_ros_msgs/msg
[34.703s] -- Installing: /home/robot-ros/ros2_ws/install/micro_ros_msgs/include/micro_ros_msgs/micro_ros_msgs/msg/graph.h
[34.704s] -- Installing: /home/robot-ros/ros2_ws/install/micro_ros_msgs/include/micro_ros_msgs/micro_ros_msgs/msg/rosidl_generator_c__visibility_control.h
[34.705s] -- Installing: /home/robot-ros/ros2_ws/install/micro_ros_msgs/include/micro_ros_msgs/micro_ros_msgs/msg/node.h
[34.706s] -- Installing: /home/robot-ros/ros2_ws/install/micro_ros_msgs/include/micro_ros_msgs/micro_ros_msgs/msg/entity.h
[34.706s] -- Installing: /home/robot-ros/ros2_ws/install/micro_ros_msgs/include/micro_ros_msgs/micro_ros_msgs/msg/detail
[34.707s] -- Installing: /home/robot-ros/ros2_ws/install/micro_ros_msgs/include/micro_ros_msgs/micro_ros_msgs/msg/detail/graph__type_support.h
[34.707s] -- Installing: /home/robot-ros/ros2_ws/install/micro_ros_msgs/include/micro_ros_msgs/micro_ros_msgs/msg/detail/node__functions.c
[34.707s] -- Installing: /home/robot-ros/ros2_ws/install/micro_ros_msgs/include/micro_ros_msgs/micro_ros_msgs/msg/detail/node__type_support.h
[34.707s] -- Installing: /home/robot-ros/ros2_ws/install/micro_ros_msgs/include/micro_ros_msgs/micro_ros_msgs/msg/detail/graph__functions.h
[34.707s] -- Installing: /home/robot-ros/ros2_ws/install/micro_ros_msgs/include/micro_ros_msgs/micro_ros_msgs/msg/detail/graph__functions.c
[34.710s] -- Installing: /home/robot-ros/ros2_ws/install/micro_ros_msgs/include/micro_ros_msgs/micro_ros_msgs/msg/detail/node__functions.h
[34.710s] -- Installing: /home/robot-ros/ros2_ws/install/micro_ros_msgs/include/micro_ros_msgs/micro_ros_msgs/msg/detail/graph__struct.h
[34.712s] -- Installing: /home/robot-ros/ros2_ws/install/micro_ros_msgs/include/micro_ros_msgs/micro_ros_msgs/msg/detail/node__struct.h
[34.712s] -- Installing: /home/robot-ros/ros2_ws/install/micro_ros_msgs/include/micro_ros_msgs/micro_ros_msgs/msg/detail/entity__struct.h
[34.713s] -- Installing: /home/robot-ros/ros2_ws/install/micro_ros_msgs/include/micro_ros_msgs/micro_ros_msgs/msg/detail/entity__functions.c
[34.714s] -- Installing: /home/robot-ros/ros2_ws/install/micro_ros_msgs/include/micro_ros_msgs/micro_ros_msgs/msg/detail/entity__functions.h
[34.716s] -- Installing: /home/robot-ros/ros2_ws/install/micro_ros_msgs/include/micro_ros_msgs/micro_ros_msgs/msg/detail/entity__type_support.h
[34.716s] -- Installing: /home/robot-ros/ros2_ws/install/micro_ros_msgs/share/micro_ros_msgs/environment/library_path.sh
[34.716s] -- Installing: /home/robot-ros/ros2_ws/install/micro_ros_msgs/share/micro_ros_msgs/environment/library_path.dsv
[34.716s] -- Installing: /home/robot-ros/ros2_ws/install/micro_ros_msgs/lib/libmicro_ros_msgs__rosidl_generator_c.so
[34.716s] -- Set runtime path of "/home/robot-ros/ros2_ws/install/micro_ros_msgs/lib/libmicro_ros_msgs__rosidl_generator_c.so" to ""
[34.716s] -- Up-to-date: /home/robot-ros/ros2_ws/install/micro_ros_msgs/include/micro_ros_msgs/micro_ros_msgs
[34.716s] -- Up-to-date: /home/robot-ros/ros2_ws/install/micro_ros_msgs/include/micro_ros_msgs/micro_ros_msgs/msg
[34.717s] -- Installing: /home/robot-ros/ros2_ws/install/micro_ros_msgs/include/micro_ros_msgs/micro_ros_msgs/msg/rosidl_typesupport_fastrtps_c__visibility_control.h
[34.717s] -- Up-to-date: /home/robot-ros/ros2_ws/install/micro_ros_msgs/include/micro_ros_msgs/micro_ros_msgs/msg/detail
[34.717s] -- Installing: /home/robot-ros/ros2_ws/install/micro_ros_msgs/include/micro_ros_msgs/micro_ros_msgs/msg/detail/graph__rosidl_typesupport_fastrtps_c.h
[34.717s] -- Installing: /home/robot-ros/ros2_ws/install/micro_ros_msgs/include/micro_ros_msgs/micro_ros_msgs/msg/detail/entity__rosidl_typesupport_fastrtps_c.h
[34.717s] -- Installing: /home/robot-ros/ros2_ws/install/micro_ros_msgs/include/micro_ros_msgs/micro_ros_msgs/msg/detail/node__rosidl_typesupport_fastrtps_c.h
[34.717s] -- Installing: /home/robot-ros/ros2_ws/install/micro_ros_msgs/lib/libmicro_ros_msgs__rosidl_typesupport_fastrtps_c.so
[34.721s] -- Set runtime path of "/home/robot-ros/ros2_ws/install/micro_ros_msgs/lib/libmicro_ros_msgs__rosidl_typesupport_fastrtps_c.so" to ""
[34.722s] -- Up-to-date: /home/robot-ros/ros2_ws/install/micro_ros_msgs/include/micro_ros_msgs/micro_ros_msgs
[34.722s] -- Up-to-date: /home/robot-ros/ros2_ws/install/micro_ros_msgs/include/micro_ros_msgs/micro_ros_msgs/msg
[34.722s] -- Installing: /home/robot-ros/ros2_ws/install/micro_ros_msgs/include/micro_ros_msgs/micro_ros_msgs/msg/rosidl_typesupport_introspection_c__visibility_control.h
[34.726s] -- Up-to-date: /home/robot-ros/ros2_ws/install/micro_ros_msgs/include/micro_ros_msgs/micro_ros_msgs/msg/detail
[34.726s] -- Installing: /home/robot-ros/ros2_ws/install/micro_ros_msgs/include/micro_ros_msgs/micro_ros_msgs/msg/detail/entity__type_support.c
[34.726s] -- Installing: /home/robot-ros/ros2_ws/install/micro_ros_msgs/include/micro_ros_msgs/micro_ros_msgs/msg/detail/node__rosidl_typesupport_introspection_c.h
[34.726s] -- Installing: /home/robot-ros/ros2_ws/install/micro_ros_msgs/include/micro_ros_msgs/micro_ros_msgs/msg/detail/node__type_support.c
[34.727s] -- Installing: /home/robot-ros/ros2_ws/install/micro_ros_msgs/include/micro_ros_msgs/micro_ros_msgs/msg/detail/graph__rosidl_typesupport_introspection_c.h
[34.727s] -- Installing: /home/robot-ros/ros2_ws/install/micro_ros_msgs/include/micro_ros_msgs/micro_ros_msgs/msg/detail/graph__type_support.c
[34.727s] -- Installing: /home/robot-ros/ros2_ws/install/micro_ros_msgs/include/micro_ros_msgs/micro_ros_msgs/msg/detail/entity__rosidl_typesupport_introspection_c.h
[34.727s] -- Installing: /home/robot-ros/ros2_ws/install/micro_ros_msgs/lib/libmicro_ros_msgs__rosidl_typesupport_introspection_c.so
[34.727s] -- Set runtime path of "/home/robot-ros/ros2_ws/install/micro_ros_msgs/lib/libmicro_ros_msgs__rosidl_typesupport_introspection_c.so" to ""
[34.727s] -- Installing: /home/robot-ros/ros2_ws/install/micro_ros_msgs/lib/libmicro_ros_msgs__rosidl_typesupport_c.so
[34.727s] -- Set runtime path of "/home/robot-ros/ros2_ws/install/micro_ros_msgs/lib/libmicro_ros_msgs__rosidl_typesupport_c.so" to ""
[34.728s] -- Up-to-date: /home/robot-ros/ros2_ws/install/micro_ros_msgs/include/micro_ros_msgs/micro_ros_msgs
[34.728s] -- Up-to-date: /home/robot-ros/ros2_ws/install/micro_ros_msgs/include/micro_ros_msgs/micro_ros_msgs/msg
[34.728s] -- Installing: /home/robot-ros/ros2_ws/install/micro_ros_msgs/include/micro_ros_msgs/micro_ros_msgs/msg/rosidl_generator_cpp__visibility_control.hpp
[34.729s] -- Installing: /home/robot-ros/ros2_ws/install/micro_ros_msgs/include/micro_ros_msgs/micro_ros_msgs/msg/graph.hpp
[34.729s] -- Up-to-date: /home/robot-ros/ros2_ws/install/micro_ros_msgs/include/micro_ros_msgs/micro_ros_msgs/msg/detail
[34.731s] -- Installing: /home/robot-ros/ros2_ws/install/micro_ros_msgs/include/micro_ros_msgs/micro_ros_msgs/msg/detail/entity__type_support.hpp
[34.732s] -- Installing: /home/robot-ros/ros2_ws/install/micro_ros_msgs/include/micro_ros_msgs/micro_ros_msgs/msg/detail/entity__struct.hpp
[34.732s] -- Installing: /home/robot-ros/ros2_ws/install/micro_ros_msgs/include/micro_ros_msgs/micro_ros_msgs/msg/detail/graph__traits.hpp
[34.732s] -- Installing: /home/robot-ros/ros2_ws/install/micro_ros_msgs/include/micro_ros_msgs/micro_ros_msgs/msg/detail/entity__builder.hpp
[34.732s] -- Installing: /home/robot-ros/ros2_ws/install/micro_ros_msgs/include/micro_ros_msgs/micro_ros_msgs/msg/detail/node__builder.hpp
[34.732s] -- Installing: /home/robot-ros/ros2_ws/install/micro_ros_msgs/include/micro_ros_msgs/micro_ros_msgs/msg/detail/graph__type_support.hpp
[34.732s] -- Installing: /home/robot-ros/ros2_ws/install/micro_ros_msgs/include/micro_ros_msgs/micro_ros_msgs/msg/detail/graph__struct.hpp
[34.733s] -- Installing: /home/robot-ros/ros2_ws/install/micro_ros_msgs/include/micro_ros_msgs/micro_ros_msgs/msg/detail/node__struct.hpp
[34.733s] -- Installing: /home/robot-ros/ros2_ws/install/micro_ros_msgs/include/micro_ros_msgs/micro_ros_msgs/msg/detail/graph__builder.hpp
[34.733s] -- Installing: /home/robot-ros/ros2_ws/install/micro_ros_msgs/include/micro_ros_msgs/micro_ros_msgs/msg/detail/node__traits.hpp
[34.733s] -- Installing: /home/robot-ros/ros2_ws/install/micro_ros_msgs/include/micro_ros_msgs/micro_ros_msgs/msg/detail/entity__traits.hpp
[34.733s] -- Installing: /home/robot-ros/ros2_ws/install/micro_ros_msgs/include/micro_ros_msgs/micro_ros_msgs/msg/detail/node__type_support.hpp
[34.733s] -- Installing: /home/robot-ros/ros2_ws/install/micro_ros_msgs/include/micro_ros_msgs/micro_ros_msgs/msg/entity.hpp
[34.736s] -- Installing: /home/robot-ros/ros2_ws/install/micro_ros_msgs/include/micro_ros_msgs/micro_ros_msgs/msg/node.hpp
[34.736s] -- Up-to-date: /home/robot-ros/ros2_ws/install/micro_ros_msgs/include/micro_ros_msgs/micro_ros_msgs
[34.736s] -- Up-to-date: /home/robot-ros/ros2_ws/install/micro_ros_msgs/include/micro_ros_msgs/micro_ros_msgs/msg
[34.736s] -- Installing: /home/robot-ros/ros2_ws/install/micro_ros_msgs/include/micro_ros_msgs/micro_ros_msgs/msg/rosidl_typesupport_fastrtps_cpp__visibility_control.h
[34.737s] -- Up-to-date: /home/robot-ros/ros2_ws/install/micro_ros_msgs/include/micro_ros_msgs/micro_ros_msgs/msg/detail
[34.737s] -- Installing: /home/robot-ros/ros2_ws/install/micro_ros_msgs/include/micro_ros_msgs/micro_ros_msgs/msg/detail/dds_fastrtps
[34.737s] -- Installing: /home/robot-ros/ros2_ws/install/micro_ros_msgs/include/micro_ros_msgs/micro_ros_msgs/msg/detail/entity__rosidl_typesupport_fastrtps_cpp.hpp
[34.737s] -- Installing: /home/robot-ros/ros2_ws/install/micro_ros_msgs/include/micro_ros_msgs/micro_ros_msgs/msg/detail/graph__rosidl_typesupport_fastrtps_cpp.hpp
[34.737s] -- Installing: /home/robot-ros/ros2_ws/install/micro_ros_msgs/include/micro_ros_msgs/micro_ros_msgs/msg/detail/node__rosidl_typesupport_fastrtps_cpp.hpp
[34.737s] -- Installing: /home/robot-ros/ros2_ws/install/micro_ros_msgs/lib/libmicro_ros_msgs__rosidl_typesupport_fastrtps_cpp.so
[34.737s] -- Set runtime path of "/home/robot-ros/ros2_ws/install/micro_ros_msgs/lib/libmicro_ros_msgs__rosidl_typesupport_fastrtps_cpp.so" to ""
[34.737s] -- Up-to-date: /home/robot-ros/ros2_ws/install/micro_ros_msgs/include/micro_ros_msgs/micro_ros_msgs
[34.738s] -- Up-to-date: /home/robot-ros/ros2_ws/install/micro_ros_msgs/include/micro_ros_msgs/micro_ros_msgs/msg
[34.738s] -- Up-to-date: /home/robot-ros/ros2_ws/install/micro_ros_msgs/include/micro_ros_msgs/micro_ros_msgs/msg/detail
[34.738s] -- Installing: /home/robot-ros/ros2_ws/install/micro_ros_msgs/include/micro_ros_msgs/micro_ros_msgs/msg/detail/graph__rosidl_typesupport_introspection_cpp.hpp
[34.738s] -- Installing: /home/robot-ros/ros2_ws/install/micro_ros_msgs/include/micro_ros_msgs/micro_ros_msgs/msg/detail/node__rosidl_typesupport_introspection_cpp.hpp
[34.738s] -- Installing: /home/robot-ros/ros2_ws/install/micro_ros_msgs/include/micro_ros_msgs/micro_ros_msgs/msg/detail/graph__type_support.cpp
[34.738s] -- Installing: /home/robot-ros/ros2_ws/install/micro_ros_msgs/include/micro_ros_msgs/micro_ros_msgs/msg/detail/entity__rosidl_typesupport_introspection_cpp.hpp
[34.748s] -- Installing: /home/robot-ros/ros2_ws/install/micro_ros_msgs/include/micro_ros_msgs/micro_ros_msgs/msg/detail/entity__type_support.cpp
[34.749s] -- Installing: /home/robot-ros/ros2_ws/install/micro_ros_msgs/include/micro_ros_msgs/micro_ros_msgs/msg/detail/node__type_support.cpp
[34.749s] -- Installing: /home/robot-ros/ros2_ws/install/micro_ros_msgs/lib/libmicro_ros_msgs__rosidl_typesupport_introspection_cpp.so
[34.749s] -- Set runtime path of "/home/robot-ros/ros2_ws/install/micro_ros_msgs/lib/libmicro_ros_msgs__rosidl_typesupport_introspection_cpp.so" to ""
[34.749s] -- Installing: /home/robot-ros/ros2_ws/install/micro_ros_msgs/lib/libmicro_ros_msgs__rosidl_typesupport_cpp.so
[34.749s] -- Set runtime path of "/home/robot-ros/ros2_ws/install/micro_ros_msgs/lib/libmicro_ros_msgs__rosidl_typesupport_cpp.so" to ""
[34.749s] -- Installing: /home/robot-ros/ros2_ws/install/micro_ros_msgs/share/micro_ros_msgs/environment/pythonpath.sh
[34.750s] -- Installing: /home/robot-ros/ros2_ws/install/micro_ros_msgs/share/micro_ros_msgs/environment/pythonpath.dsv
[34.750s] -- Installing: /home/robot-ros/ros2_ws/install/micro_ros_msgs/local/lib/python3.10/dist-packages/micro_ros_msgs-3.0.1-py3.10.egg-info
[34.750s] -- Installing: /home/robot-ros/ros2_ws/install/micro_ros_msgs/local/lib/python3.10/dist-packages/micro_ros_msgs-3.0.1-py3.10.egg-info/SOURCES.txt
[34.750s] -- Installing: /home/robot-ros/ros2_ws/install/micro_ros_msgs/local/lib/python3.10/dist-packages/micro_ros_msgs-3.0.1-py3.10.egg-info/dependency_links.txt
[34.750s] -- Installing: /home/robot-ros/ros2_ws/install/micro_ros_msgs/local/lib/python3.10/dist-packages/micro_ros_msgs-3.0.1-py3.10.egg-info/top_level.txt
[34.750s] -- Installing: /home/robot-ros/ros2_ws/install/micro_ros_msgs/local/lib/python3.10/dist-packages/micro_ros_msgs-3.0.1-py3.10.egg-info/PKG-INFO
[34.750s] -- Installing: /home/robot-ros/ros2_ws/install/micro_ros_msgs/local/lib/python3.10/dist-packages/micro_ros_msgs
[34.750s] -- Installing: /home/robot-ros/ros2_ws/install/micro_ros_msgs/local/lib/python3.10/dist-packages/micro_ros_msgs/msg
[34.751s] -- Installing: /home/robot-ros/ros2_ws/install/micro_ros_msgs/local/lib/python3.10/dist-packages/micro_ros_msgs/msg/_graph.py
[34.751s] -- Installing: /home/robot-ros/ros2_ws/install/micro_ros_msgs/local/lib/python3.10/dist-packages/micro_ros_msgs/msg/_entity.py
[34.751s] -- Installing: /home/robot-ros/ros2_ws/install/micro_ros_msgs/local/lib/python3.10/dist-packages/micro_ros_msgs/msg/_entity_s.c
[34.751s] -- Installing: /home/robot-ros/ros2_ws/install/micro_ros_msgs/local/lib/python3.10/dist-packages/micro_ros_msgs/msg/_graph_s.c
[34.751s] -- Installing: /home/robot-ros/ros2_ws/install/micro_ros_msgs/local/lib/python3.10/dist-packages/micro_ros_msgs/msg/_node.py
[34.751s] -- Installing: /home/robot-ros/ros2_ws/install/micro_ros_msgs/local/lib/python3.10/dist-packages/micro_ros_msgs/msg/_node_s.c
[34.757s] -- Installing: /home/robot-ros/ros2_ws/install/micro_ros_msgs/local/lib/python3.10/dist-packages/micro_ros_msgs/msg/__init__.py
[34.757s] -- Installing: /home/robot-ros/ros2_ws/install/micro_ros_msgs/local/lib/python3.10/dist-packages/micro_ros_msgs/_micro_ros_msgs_s.ep.rosidl_typesupport_fastrtps_c.c
[34.757s] -- Installing: /home/robot-ros/ros2_ws/install/micro_ros_msgs/local/lib/python3.10/dist-packages/micro_ros_msgs/_micro_ros_msgs_s.ep.rosidl_typesupport_c.c
[34.757s] -- Installing: /home/robot-ros/ros2_ws/install/micro_ros_msgs/local/lib/python3.10/dist-packages/micro_ros_msgs/micro_ros_msgs_s__rosidl_typesupport_introspection_c.cpython-310-x86_64-linux-gnu.so
[34.758s] -- Installing: /home/robot-ros/ros2_ws/install/micro_ros_msgs/local/lib/python3.10/dist-packages/micro_ros_msgs/micro_ros_msgs_s__rosidl_typesupport_c.cpython-310-x86_64-linux-gnu.so
[34.758s] -- Installing: /home/robot-ros/ros2_ws/install/micro_ros_msgs/local/lib/python3.10/dist-packages/micro_ros_msgs/libmicro_ros_msgs__rosidl_generator_py.so
[34.758s] -- Installing: /home/robot-ros/ros2_ws/install/micro_ros_msgs/local/lib/python3.10/dist-packages/micro_ros_msgs/micro_ros_msgs_s__rosidl_typesupport_fastrtps_c.cpython-310-x86_64-linux-gnu.so
[34.758s] -- Installing: /home/robot-ros/ros2_ws/install/micro_ros_msgs/local/lib/python3.10/dist-packages/micro_ros_msgs/__init__.py
[34.758s] -- Installing: /home/robot-ros/ros2_ws/install/micro_ros_msgs/local/lib/python3.10/dist-packages/micro_ros_msgs/_micro_ros_msgs_s.ep.rosidl_typesupport_introspection_c.c
[34.810s] Listing '/home/robot-ros/ros2_ws/install/micro_ros_msgs/local/lib/python3.10/dist-packages/micro_ros_msgs'...
[34.810s] Compiling '/home/robot-ros/ros2_ws/install/micro_ros_msgs/local/lib/python3.10/dist-packages/micro_ros_msgs/__init__.py'...
[34.810s] Listing '/home/robot-ros/ros2_ws/install/micro_ros_msgs/local/lib/python3.10/dist-packages/micro_ros_msgs/msg'...
[34.810s] Compiling '/home/robot-ros/ros2_ws/install/micro_ros_msgs/local/lib/python3.10/dist-packages/micro_ros_msgs/msg/__init__.py'...
[34.810s] Compiling '/home/robot-ros/ros2_ws/install/micro_ros_msgs/local/lib/python3.10/dist-packages/micro_ros_msgs/msg/_entity.py'...
[34.810s] Compiling '/home/robot-ros/ros2_ws/install/micro_ros_msgs/local/lib/python3.10/dist-packages/micro_ros_msgs/msg/_graph.py'...
[34.811s] Compiling '/home/robot-ros/ros2_ws/install/micro_ros_msgs/local/lib/python3.10/dist-packages/micro_ros_msgs/msg/_node.py'...
[34.820s] -- Installing: /home/robot-ros/ros2_ws/install/micro_ros_msgs/local/lib/python3.10/dist-packages/micro_ros_msgs/micro_ros_msgs_s__rosidl_typesupport_fastrtps_c.cpython-310-x86_64-linux-gnu.so
[34.821s] -- Set runtime path of "/home/robot-ros/ros2_ws/install/micro_ros_msgs/local/lib/python3.10/dist-packages/micro_ros_msgs/micro_ros_msgs_s__rosidl_typesupport_fastrtps_c.cpython-310-x86_64-linux-gnu.so" to ""
[34.822s] -- Installing: /home/robot-ros/ros2_ws/install/micro_ros_msgs/local/lib/python3.10/dist-packages/micro_ros_msgs/micro_ros_msgs_s__rosidl_typesupport_introspection_c.cpython-310-x86_64-linux-gnu.so
[34.822s] -- Set runtime path of "/home/robot-ros/ros2_ws/install/micro_ros_msgs/local/lib/python3.10/dist-packages/micro_ros_msgs/micro_ros_msgs_s__rosidl_typesupport_introspection_c.cpython-310-x86_64-linux-gnu.so" to ""
[34.822s] -- Installing: /home/robot-ros/ros2_ws/install/micro_ros_msgs/local/lib/python3.10/dist-packages/micro_ros_msgs/micro_ros_msgs_s__rosidl_typesupport_c.cpython-310-x86_64-linux-gnu.so
[34.823s] -- Set runtime path of "/home/robot-ros/ros2_ws/install/micro_ros_msgs/local/lib/python3.10/dist-packages/micro_ros_msgs/micro_ros_msgs_s__rosidl_typesupport_c.cpython-310-x86_64-linux-gnu.so" to ""
[34.826s] -- Installing: /home/robot-ros/ros2_ws/install/micro_ros_msgs/lib/libmicro_ros_msgs__rosidl_generator_py.so
[34.826s] -- Set runtime path of "/home/robot-ros/ros2_ws/install/micro_ros_msgs/lib/libmicro_ros_msgs__rosidl_generator_py.so" to ""
[34.826s] -- Installing: /home/robot-ros/ros2_ws/install/micro_ros_msgs/share/micro_ros_msgs/msg/Graph.idl
[34.826s] -- Installing: /home/robot-ros/ros2_ws/install/micro_ros_msgs/share/micro_ros_msgs/msg/Node.idl
[34.827s] -- Installing: /home/robot-ros/ros2_ws/install/micro_ros_msgs/share/micro_ros_msgs/msg/Entity.idl
[34.827s] -- Installing: /home/robot-ros/ros2_ws/install/micro_ros_msgs/share/micro_ros_msgs/msg/Graph.msg
[34.827s] -- Installing: /home/robot-ros/ros2_ws/install/micro_ros_msgs/share/micro_ros_msgs/msg/Node.msg
[34.827s] -- Installing: /home/robot-ros/ros2_ws/install/micro_ros_msgs/share/micro_ros_msgs/msg/Entity.msg
[34.827s] -- Installing: /home/robot-ros/ros2_ws/install/micro_ros_msgs/share/ament_index/resource_index/package_run_dependencies/micro_ros_msgs
[34.828s] -- Installing: /home/robot-ros/ros2_ws/install/micro_ros_msgs/share/ament_index/resource_index/parent_prefix_path/micro_ros_msgs
[34.828s] -- Installing: /home/robot-ros/ros2_ws/install/micro_ros_msgs/share/micro_ros_msgs/environment/ament_prefix_path.sh
[34.828s] -- Installing: /home/robot-ros/ros2_ws/install/micro_ros_msgs/share/micro_ros_msgs/environment/ament_prefix_path.dsv
[34.828s] -- Installing: /home/robot-ros/ros2_ws/install/micro_ros_msgs/share/micro_ros_msgs/environment/path.sh
[34.828s] -- Installing: /home/robot-ros/ros2_ws/install/micro_ros_msgs/share/micro_ros_msgs/environment/path.dsv
[34.828s] -- Installing: /home/robot-ros/ros2_ws/install/micro_ros_msgs/share/micro_ros_msgs/local_setup.bash
[34.829s] -- Installing: /home/robot-ros/ros2_ws/install/micro_ros_msgs/share/micro_ros_msgs/local_setup.sh
[34.832s] -- Installing: /home/robot-ros/ros2_ws/install/micro_ros_msgs/share/micro_ros_msgs/local_setup.zsh
[34.832s] -- Installing: /home/robot-ros/ros2_ws/install/micro_ros_msgs/share/micro_ros_msgs/local_setup.dsv
[34.832s] -- Installing: /home/robot-ros/ros2_ws/install/micro_ros_msgs/share/micro_ros_msgs/package.dsv
[34.832s] -- Installing: /home/robot-ros/ros2_ws/install/micro_ros_msgs/share/ament_index/resource_index/packages/micro_ros_msgs
[34.832s] -- Installing: /home/robot-ros/ros2_ws/install/micro_ros_msgs/share/micro_ros_msgs/cmake/export_micro_ros_msgs__rosidl_generator_cExport.cmake
[34.833s] -- Installing: /home/robot-ros/ros2_ws/install/micro_ros_msgs/share/micro_ros_msgs/cmake/export_micro_ros_msgs__rosidl_generator_cExport-noconfig.cmake
[34.833s] -- Installing: /home/robot-ros/ros2_ws/install/micro_ros_msgs/share/micro_ros_msgs/cmake/export_micro_ros_msgs__rosidl_typesupport_fastrtps_cExport.cmake
[34.833s] -- Installing: /home/robot-ros/ros2_ws/install/micro_ros_msgs/share/micro_ros_msgs/cmake/export_micro_ros_msgs__rosidl_typesupport_fastrtps_cExport-noconfig.cmake
[34.833s] -- Installing: /home/robot-ros/ros2_ws/install/micro_ros_msgs/share/micro_ros_msgs/cmake/micro_ros_msgs__rosidl_typesupport_introspection_cExport.cmake
[34.833s] -- Installing: /home/robot-ros/ros2_ws/install/micro_ros_msgs/share/micro_ros_msgs/cmake/micro_ros_msgs__rosidl_typesupport_introspection_cExport-noconfig.cmake
[34.833s] -- Installing: /home/robot-ros/ros2_ws/install/micro_ros_msgs/share/micro_ros_msgs/cmake/micro_ros_msgs__rosidl_typesupport_cExport.cmake
[34.834s] -- Installing: /home/robot-ros/ros2_ws/install/micro_ros_msgs/share/micro_ros_msgs/cmake/micro_ros_msgs__rosidl_typesupport_cExport-noconfig.cmake
[34.834s] -- Installing: /home/robot-ros/ros2_ws/install/micro_ros_msgs/share/micro_ros_msgs/cmake/export_micro_ros_msgs__rosidl_generator_cppExport.cmake
[34.834s] -- Installing: /home/robot-ros/ros2_ws/install/micro_ros_msgs/share/micro_ros_msgs/cmake/export_micro_ros_msgs__rosidl_typesupport_fastrtps_cppExport.cmake
[34.834s] -- Installing: /home/robot-ros/ros2_ws/install/micro_ros_msgs/share/micro_ros_msgs/cmake/export_micro_ros_msgs__rosidl_typesupport_fastrtps_cppExport-noconfig.cmake
[34.834s] -- Installing: /home/robot-ros/ros2_ws/install/micro_ros_msgs/share/micro_ros_msgs/cmake/micro_ros_msgs__rosidl_typesupport_introspection_cppExport.cmake
[34.834s] -- Installing: /home/robot-ros/ros2_ws/install/micro_ros_msgs/share/micro_ros_msgs/cmake/micro_ros_msgs__rosidl_typesupport_introspection_cppExport-noconfig.cmake
[34.835s] -- Installing: /home/robot-ros/ros2_ws/install/micro_ros_msgs/share/micro_ros_msgs/cmake/micro_ros_msgs__rosidl_typesupport_cppExport.cmake
[34.835s] -- Installing: /home/robot-ros/ros2_ws/install/micro_ros_msgs/share/micro_ros_msgs/cmake/micro_ros_msgs__rosidl_typesupport_cppExport-noconfig.cmake
[34.837s] -- Installing: /home/robot-ros/ros2_ws/install/micro_ros_msgs/share/micro_ros_msgs/cmake/export_micro_ros_msgs__rosidl_generator_pyExport.cmake
[34.837s] -- Installing: /home/robot-ros/ros2_ws/install/micro_ros_msgs/share/micro_ros_msgs/cmake/export_micro_ros_msgs__rosidl_generator_pyExport-noconfig.cmake
[34.838s] -- Installing: /home/robot-ros/ros2_ws/install/micro_ros_msgs/share/micro_ros_msgs/cmake/rosidl_cmake-extras.cmake
[34.838s] -- Installing: /home/robot-ros/ros2_ws/install/micro_ros_msgs/share/micro_ros_msgs/cmake/ament_cmake_export_include_directories-extras.cmake
[34.838s] -- Installing: /home/robot-ros/ros2_ws/install/micro_ros_msgs/share/micro_ros_msgs/cmake/ament_cmake_export_libraries-extras.cmake
[34.838s] -- Installing: /home/robot-ros/ros2_ws/install/micro_ros_msgs/share/micro_ros_msgs/cmake/ament_cmake_export_targets-extras.cmake
[34.838s] -- Installing: /home/robot-ros/ros2_ws/install/micro_ros_msgs/share/micro_ros_msgs/cmake/rosidl_cmake_export_typesupport_targets-extras.cmake
[34.838s] -- Installing: /home/robot-ros/ros2_ws/install/micro_ros_msgs/share/micro_ros_msgs/cmake/ament_cmake_export_dependencies-extras.cmake
[34.838s] -- Installing: /home/robot-ros/ros2_ws/install/micro_ros_msgs/share/micro_ros_msgs/cmake/rosidl_cmake_export_typesupport_libraries-extras.cmake
[34.839s] -- Installing: /home/robot-ros/ros2_ws/install/micro_ros_msgs/share/micro_ros_msgs/cmake/micro_ros_msgsConfig.cmake
[34.841s] -- Installing: /home/robot-ros/ros2_ws/install/micro_ros_msgs/share/micro_ros_msgs/cmake/micro_ros_msgsConfig-version.cmake
[34.841s] -- Installing: /home/robot-ros/ros2_ws/install/micro_ros_msgs/share/micro_ros_msgs/package.xml
[34.850s] Invoked command in '/home/robot-ros/ros2_ws/build/micro_ros_msgs' returned '0': CMAKE_PREFIX_PATH=${CMAKE_PREFIX_PATH}:/opt/ros/humble /usr/bin/cmake --install /home/robot-ros/ros2_ws/build/micro_ros_msgs
