[0.077s] Invoking command in '/home/robot-ros/ros2_ws/build/linorobot2_description': CMAKE_PREFIX_PATH=${CMAKE_PREFIX_PATH}:/opt/ros/humble /usr/bin/cmake --build /home/robot-ros/ros2_ws/build/linorobot2_description -- -j4 -l4
[0.446s] Invoked command in '/home/robot-ros/ros2_ws/build/linorobot2_description' returned '0': CMAKE_PREFIX_PATH=${CMAKE_PREFIX_PATH}:/opt/ros/humble /usr/bin/cmake --build /home/robot-ros/ros2_ws/build/linorobot2_description -- -j4 -l4
[0.499s] Invoking command in '/home/robot-ros/ros2_ws/build/linorobot2_description': CMAKE_PREFIX_PATH=${CMAKE_PREFIX_PATH}:/opt/ros/humble /usr/bin/cmake --install /home/robot-ros/ros2_ws/build/linorobot2_description
[0.514s] -- Install configuration: ""
[0.514s] -- Up-to-date: /home/robot-ros/ros2_ws/install/linorobot2_description/share/linorobot2_description/launch
[0.515s] -- Up-to-date: /home/robot-ros/ros2_ws/install/linorobot2_description/share/linorobot2_description/launch/description.launch.py
[0.515s] -- Up-to-date: /home/robot-ros/ros2_ws/install/linorobot2_description/share/linorobot2_description/urdf
[0.515s] -- Up-to-date: /home/robot-ros/ros2_ws/install/linorobot2_description/share/linorobot2_description/urdf/robots
[0.516s] -- Up-to-date: /home/robot-ros/ros2_ws/install/linorobot2_description/share/linorobot2_description/urdf/robots/4wd.urdf.xacro
[0.519s] -- Up-to-date: /home/robot-ros/ros2_ws/install/linorobot2_description/share/linorobot2_description/urdf/robots/2wd.urdf.xacro
[0.519s] -- Up-to-date: /home/robot-ros/ros2_ws/install/linorobot2_description/share/linorobot2_description/urdf/robots/mecanum.urdf.xacro
[0.519s] -- Up-to-date: /home/robot-ros/ros2_ws/install/linorobot2_description/share/linorobot2_description/urdf/robots/turtlebot.urdf.xacro
[0.520s] -- Up-to-date: /home/robot-ros/ros2_ws/install/linorobot2_description/share/linorobot2_description/urdf/robots/vattenkar.urdf.xacro
[0.520s] -- Up-to-date: /home/robot-ros/ros2_ws/install/linorobot2_description/share/linorobot2_description/urdf/controllers
[0.520s] -- Up-to-date: /home/robot-ros/ros2_ws/install/linorobot2_description/share/linorobot2_description/urdf/controllers/omni_drive.urdf.xacro
[0.520s] -- Up-to-date: /home/robot-ros/ros2_ws/install/linorobot2_description/share/linorobot2_description/urdf/controllers/skid_steer.urdf.xacro
[0.520s] -- Up-to-date: /home/robot-ros/ros2_ws/install/linorobot2_description/share/linorobot2_description/urdf/controllers/diff_drive.urdf.xacro
[0.520s] -- Up-to-date: /home/robot-ros/ros2_ws/install/linorobot2_description/share/linorobot2_description/urdf/mech
[0.521s] -- Up-to-date: /home/robot-ros/ros2_ws/install/linorobot2_description/share/linorobot2_description/urdf/mech/mecanum_wheel.urdf.xacro
[0.521s] -- Up-to-date: /home/robot-ros/ros2_ws/install/linorobot2_description/share/linorobot2_description/urdf/mech/wheel.urdf.xacro
[0.521s] -- Up-to-date: /home/robot-ros/ros2_ws/install/linorobot2_description/share/linorobot2_description/urdf/mech/base.urdf.xacro
[0.521s] -- Up-to-date: /home/robot-ros/ros2_ws/install/linorobot2_description/share/linorobot2_description/urdf/mech/caster_wheel.urdf.xacro
[0.521s] -- Up-to-date: /home/robot-ros/ros2_ws/install/linorobot2_description/share/linorobot2_description/urdf/4wd_properties.urdf.xacro
[0.521s] -- Up-to-date: /home/robot-ros/ros2_ws/install/linorobot2_description/share/linorobot2_description/urdf/sensors
[0.521s] -- Up-to-date: /home/robot-ros/ros2_ws/install/linorobot2_description/share/linorobot2_description/urdf/sensors/imu.urdf.xacro
[0.521s] -- Up-to-date: /home/robot-ros/ros2_ws/install/linorobot2_description/share/linorobot2_description/urdf/sensors/generic_laser.urdf.xacro
[0.522s] -- Up-to-date: /home/robot-ros/ros2_ws/install/linorobot2_description/share/linorobot2_description/urdf/sensors/laser.urdf.xacro
[0.522s] -- Up-to-date: /home/robot-ros/ros2_ws/install/linorobot2_description/share/linorobot2_description/urdf/sensors/depth_sensor.urdf.xacro
[0.522s] -- Up-to-date: /home/robot-ros/ros2_ws/install/linorobot2_description/share/linorobot2_description/urdf/2wd_properties.urdf.xacro
[0.527s] -- Up-to-date: /home/robot-ros/ros2_ws/install/linorobot2_description/share/linorobot2_description/urdf/mecanum_properties.urdf.xacro
[0.534s] -- Up-to-date: /home/robot-ros/ros2_ws/install/linorobot2_description/share/linorobot2_description/rviz
[0.534s] -- Up-to-date: /home/robot-ros/ros2_ws/install/linorobot2_description/share/linorobot2_description/rviz/description.rviz
[0.535s] -- Up-to-date: /home/robot-ros/ros2_ws/install/linorobot2_description/share/ament_index/resource_index/package_run_dependencies/linorobot2_description
[0.536s] -- Up-to-date: /home/robot-ros/ros2_ws/install/linorobot2_description/share/ament_index/resource_index/parent_prefix_path/linorobot2_description
[0.540s] -- Up-to-date: /home/robot-ros/ros2_ws/install/linorobot2_description/share/linorobot2_description/environment/ament_prefix_path.sh
[0.546s] -- Up-to-date: /home/robot-ros/ros2_ws/install/linorobot2_description/share/linorobot2_description/environment/ament_prefix_path.dsv
[0.546s] -- Up-to-date: /home/robot-ros/ros2_ws/install/linorobot2_description/share/linorobot2_description/environment/path.sh
[0.546s] -- Up-to-date: /home/robot-ros/ros2_ws/install/linorobot2_description/share/linorobot2_description/environment/path.dsv
[0.546s] -- Up-to-date: /home/robot-ros/ros2_ws/install/linorobot2_description/share/linorobot2_description/local_setup.bash
[0.547s] -- Up-to-date: /home/robot-ros/ros2_ws/install/linorobot2_description/share/linorobot2_description/local_setup.sh
[0.547s] -- Up-to-date: /home/robot-ros/ros2_ws/install/linorobot2_description/share/linorobot2_description/local_setup.zsh
[0.553s] -- Up-to-date: /home/robot-ros/ros2_ws/install/linorobot2_description/share/linorobot2_description/local_setup.dsv
[0.553s] -- Installing: /home/robot-ros/ros2_ws/install/linorobot2_description/share/linorobot2_description/package.dsv
[0.553s] -- Up-to-date: /home/robot-ros/ros2_ws/install/linorobot2_description/share/ament_index/resource_index/packages/linorobot2_description
[0.554s] -- Up-to-date: /home/robot-ros/ros2_ws/install/linorobot2_description/share/linorobot2_description/cmake/linorobot2_descriptionConfig.cmake
[0.554s] -- Up-to-date: /home/robot-ros/ros2_ws/install/linorobot2_description/share/linorobot2_description/cmake/linorobot2_descriptionConfig-version.cmake
[0.554s] -- Up-to-date: /home/robot-ros/ros2_ws/install/linorobot2_description/share/linorobot2_description/package.xml
[0.696s] Invoked command in '/home/robot-ros/ros2_ws/build/linorobot2_description' returned '0': CMAKE_PREFIX_PATH=${CMAKE_PREFIX_PATH}:/opt/ros/humble /usr/bin/cmake --install /home/robot-ros/ros2_ws/build/linorobot2_description
