[0.102s] Invoking command in '/home/robot-ros/ros2_ws/build/linorobot2_description': CMAKE_PREFIX_PATH=${CMAKE_PREFIX_PATH}:/opt/ros/humble /usr/bin/cmake --build /home/robot-ros/ros2_ws/build/linorobot2_description -- -j4 -l4
[0.393s] Invoked command in '/home/robot-ros/ros2_ws/build/linorobot2_description' returned '0': CMAKE_PREFIX_PATH=${CMAKE_PREFIX_PATH}:/opt/ros/humble /usr/bin/cmake --build /home/robot-ros/ros2_ws/build/linorobot2_description -- -j4 -l4
[0.395s] Invoking command in '/home/robot-ros/ros2_ws/build/linorobot2_description': CMAKE_PREFIX_PATH=${CMAKE_PREFIX_PATH}:/opt/ros/humble /usr/bin/cmake --install /home/robot-ros/ros2_ws/build/linorobot2_description
[0.442s] -- Install configuration: ""
[0.442s] -- Up-to-date: /home/robot-ros/ros2_ws/install/linorobot2_description/share/linorobot2_description/launch
[0.442s] -- Up-to-date: /home/robot-ros/ros2_ws/install/linorobot2_description/share/linorobot2_description/launch/description.launch.py
[0.442s] -- Up-to-date: /home/robot-ros/ros2_ws/install/linorobot2_description/share/linorobot2_description/urdf
[0.443s] -- Up-to-date: /home/robot-ros/ros2_ws/install/linorobot2_description/share/linorobot2_description/urdf/robots
[0.443s] -- Up-to-date: /home/robot-ros/ros2_ws/install/linorobot2_description/share/linorobot2_description/urdf/robots/4wd.urdf.xacro
[0.443s] -- Up-to-date: /home/robot-ros/ros2_ws/install/linorobot2_description/share/linorobot2_description/urdf/robots/2wd.urdf.xacro
[0.443s] -- Up-to-date: /home/robot-ros/ros2_ws/install/linorobot2_description/share/linorobot2_description/urdf/robots/mecanum.urdf.xacro
[0.443s] -- Up-to-date: /home/robot-ros/ros2_ws/install/linorobot2_description/share/linorobot2_description/urdf/robots/turtlebot.urdf.xacro
[0.443s] -- Up-to-date: /home/robot-ros/ros2_ws/install/linorobot2_description/share/linorobot2_description/urdf/robots/vattenkar.urdf.xacro
[0.443s] -- Up-to-date: /home/robot-ros/ros2_ws/install/linorobot2_description/share/linorobot2_description/urdf/controllers
[0.444s] -- Up-to-date: /home/robot-ros/ros2_ws/install/linorobot2_description/share/linorobot2_description/urdf/controllers/omni_drive.urdf.xacro
[0.444s] -- Up-to-date: /home/robot-ros/ros2_ws/install/linorobot2_description/share/linorobot2_description/urdf/controllers/skid_steer.urdf.xacro
[0.444s] -- Up-to-date: /home/robot-ros/ros2_ws/install/linorobot2_description/share/linorobot2_description/urdf/controllers/diff_drive.urdf.xacro
[0.446s] -- Up-to-date: /home/robot-ros/ros2_ws/install/linorobot2_description/share/linorobot2_description/urdf/mech
[0.447s] -- Up-to-date: /home/robot-ros/ros2_ws/install/linorobot2_description/share/linorobot2_description/urdf/mech/mecanum_wheel.urdf.xacro
[0.447s] -- Up-to-date: /home/robot-ros/ros2_ws/install/linorobot2_description/share/linorobot2_description/urdf/mech/wheel.urdf.xacro
[0.447s] -- Up-to-date: /home/robot-ros/ros2_ws/install/linorobot2_description/share/linorobot2_description/urdf/mech/base.urdf.xacro
[0.448s] -- Up-to-date: /home/robot-ros/ros2_ws/install/linorobot2_description/share/linorobot2_description/urdf/mech/caster_wheel.urdf.xacro
[0.448s] -- Up-to-date: /home/robot-ros/ros2_ws/install/linorobot2_description/share/linorobot2_description/urdf/4wd_properties.urdf.xacro
[0.448s] -- Up-to-date: /home/robot-ros/ros2_ws/install/linorobot2_description/share/linorobot2_description/urdf/sensors
[0.448s] -- Up-to-date: /home/robot-ros/ros2_ws/install/linorobot2_description/share/linorobot2_description/urdf/sensors/imu.urdf.xacro
[0.458s] -- Up-to-date: /home/robot-ros/ros2_ws/install/linorobot2_description/share/linorobot2_description/urdf/sensors/generic_laser.urdf.xacro
[0.459s] -- Up-to-date: /home/robot-ros/ros2_ws/install/linorobot2_description/share/linorobot2_description/urdf/sensors/laser.urdf.xacro
[0.459s] -- Up-to-date: /home/robot-ros/ros2_ws/install/linorobot2_description/share/linorobot2_description/urdf/sensors/depth_sensor.urdf.xacro
[0.459s] -- Up-to-date: /home/robot-ros/ros2_ws/install/linorobot2_description/share/linorobot2_description/urdf/2wd_properties.urdf.xacro
[0.471s] -- Up-to-date: /home/robot-ros/ros2_ws/install/linorobot2_description/share/linorobot2_description/urdf/mecanum_properties.urdf.xacro
[0.472s] -- Up-to-date: /home/robot-ros/ros2_ws/install/linorobot2_description/share/linorobot2_description/rviz
[0.472s] -- Up-to-date: /home/robot-ros/ros2_ws/install/linorobot2_description/share/linorobot2_description/rviz/description.rviz
[0.473s] -- Up-to-date: /home/robot-ros/ros2_ws/install/linorobot2_description/share/ament_index/resource_index/package_run_dependencies/linorobot2_description
[0.473s] -- Up-to-date: /home/robot-ros/ros2_ws/install/linorobot2_description/share/ament_index/resource_index/parent_prefix_path/linorobot2_description
[0.473s] -- Up-to-date: /home/robot-ros/ros2_ws/install/linorobot2_description/share/linorobot2_description/environment/ament_prefix_path.sh
[0.473s] -- Up-to-date: /home/robot-ros/ros2_ws/install/linorobot2_description/share/linorobot2_description/environment/ament_prefix_path.dsv
[0.474s] -- Up-to-date: /home/robot-ros/ros2_ws/install/linorobot2_description/share/linorobot2_description/environment/path.sh
[0.474s] -- Up-to-date: /home/robot-ros/ros2_ws/install/linorobot2_description/share/linorobot2_description/environment/path.dsv
[0.474s] -- Up-to-date: /home/robot-ros/ros2_ws/install/linorobot2_description/share/linorobot2_description/local_setup.bash
[0.474s] -- Up-to-date: /home/robot-ros/ros2_ws/install/linorobot2_description/share/linorobot2_description/local_setup.sh
[0.480s] -- Up-to-date: /home/robot-ros/ros2_ws/install/linorobot2_description/share/linorobot2_description/local_setup.zsh
[0.481s] -- Up-to-date: /home/robot-ros/ros2_ws/install/linorobot2_description/share/linorobot2_description/local_setup.dsv
[0.482s] -- Installing: /home/robot-ros/ros2_ws/install/linorobot2_description/share/linorobot2_description/package.dsv
[0.482s] -- Up-to-date: /home/robot-ros/ros2_ws/install/linorobot2_description/share/ament_index/resource_index/packages/linorobot2_description
[0.483s] -- Up-to-date: /home/robot-ros/ros2_ws/install/linorobot2_description/share/linorobot2_description/cmake/linorobot2_descriptionConfig.cmake
[0.484s] -- Up-to-date: /home/robot-ros/ros2_ws/install/linorobot2_description/share/linorobot2_description/cmake/linorobot2_descriptionConfig-version.cmake
[0.484s] -- Up-to-date: /home/robot-ros/ros2_ws/install/linorobot2_description/share/linorobot2_description/package.xml
[0.733s] Invoked command in '/home/robot-ros/ros2_ws/build/linorobot2_description' returned '0': CMAKE_PREFIX_PATH=${CMAKE_PREFIX_PATH}:/opt/ros/humble /usr/bin/cmake --install /home/robot-ros/ros2_ws/build/linorobot2_description
