[0.115s] Invoking command in '/home/robot-ros/ros2_ws/build/linorobot2_base': CMAKE_PREFIX_PATH=${CMAKE_PREFIX_PATH}:/opt/ros/humble /usr/bin/cmake --build /home/robot-ros/ros2_ws/build/linorobot2_base -- -j4 -l4
[0.421s] Invoked command in '/home/robot-ros/ros2_ws/build/linorobot2_base' returned '0': CMAKE_PREFIX_PATH=${CMAKE_PREFIX_PATH}:/opt/ros/humble /usr/bin/cmake --build /home/robot-ros/ros2_ws/build/linorobot2_base -- -j4 -l4
[0.485s] Invoking command in '/home/robot-ros/ros2_ws/build/linorobot2_base': CMAKE_PREFIX_PATH=${CMAKE_PREFIX_PATH}:/opt/ros/humble /usr/bin/cmake --install /home/robot-ros/ros2_ws/build/linorobot2_base
[0.566s] -- Install configuration: ""
[0.567s] -- Up-to-date: /home/robot-ros/ros2_ws/install/linorobot2_base/share/linorobot2_base/config
[0.567s] -- Up-to-date: /home/robot-ros/ros2_ws/install/linorobot2_base/share/linorobot2_base/config/ekf.yaml
[0.567s] -- Up-to-date: /home/robot-ros/ros2_ws/install/linorobot2_base/share/ament_index/resource_index/package_run_dependencies/linorobot2_base
[0.574s] -- Up-to-date: /home/robot-ros/ros2_ws/install/linorobot2_base/share/ament_index/resource_index/parent_prefix_path/linorobot2_base
[0.575s] -- Up-to-date: /home/robot-ros/ros2_ws/install/linorobot2_base/share/linorobot2_base/environment/ament_prefix_path.sh
[0.575s] -- Up-to-date: /home/robot-ros/ros2_ws/install/linorobot2_base/share/linorobot2_base/environment/ament_prefix_path.dsv
[0.575s] -- Up-to-date: /home/robot-ros/ros2_ws/install/linorobot2_base/share/linorobot2_base/environment/path.sh
[0.575s] -- Up-to-date: /home/robot-ros/ros2_ws/install/linorobot2_base/share/linorobot2_base/environment/path.dsv
[0.576s] -- Up-to-date: /home/robot-ros/ros2_ws/install/linorobot2_base/share/linorobot2_base/local_setup.bash
[0.576s] -- Up-to-date: /home/robot-ros/ros2_ws/install/linorobot2_base/share/linorobot2_base/local_setup.sh
[0.577s] -- Up-to-date: /home/robot-ros/ros2_ws/install/linorobot2_base/share/linorobot2_base/local_setup.zsh
[0.578s] -- Up-to-date: /home/robot-ros/ros2_ws/install/linorobot2_base/share/linorobot2_base/local_setup.dsv
[0.578s] -- Up-to-date: /home/robot-ros/ros2_ws/install/linorobot2_base/share/linorobot2_base/package.dsv
[0.579s] -- Up-to-date: /home/robot-ros/ros2_ws/install/linorobot2_base/share/ament_index/resource_index/packages/linorobot2_base
[0.579s] -- Up-to-date: /home/robot-ros/ros2_ws/install/linorobot2_base/share/linorobot2_base/cmake/linorobot2_baseConfig.cmake
[0.579s] -- Up-to-date: /home/robot-ros/ros2_ws/install/linorobot2_base/share/linorobot2_base/cmake/linorobot2_baseConfig-version.cmake
[0.579s] -- Up-to-date: /home/robot-ros/ros2_ws/install/linorobot2_base/share/linorobot2_base/package.xml
[0.634s] Invoked command in '/home/robot-ros/ros2_ws/build/linorobot2_base' returned '0': CMAKE_PREFIX_PATH=${CMAKE_PREFIX_PATH}:/opt/ros/humble /usr/bin/cmake --install /home/robot-ros/ros2_ws/build/linorobot2_base
