[0.062s] Invoking command in '/home/robot-ros/ros2_ws/build/linorobot2_description': CMAKE_PREFIX_PATH=${CMAKE_PREFIX_PATH}:/opt/ros/humble /usr/bin/cmake --build /home/robot-ros/ros2_ws/build/linorobot2_description -- -j4 -l4
[0.256s] Invoked command in '/home/robot-ros/ros2_ws/build/linorobot2_description' returned '0': CMAKE_PREFIX_PATH=${CMAKE_PREFIX_PATH}:/opt/ros/humble /usr/bin/cmake --build /home/robot-ros/ros2_ws/build/linorobot2_description -- -j4 -l4
[0.274s] Invoking command in '/home/robot-ros/ros2_ws/build/linorobot2_description': CMAKE_PREFIX_PATH=${CMAKE_PREFIX_PATH}:/opt/ros/humble /usr/bin/cmake --install /home/robot-ros/ros2_ws/build/linorobot2_description
[0.277s] -- Install configuration: ""
[0.277s] -- Up-to-date: /home/robot-ros/ros2_ws/install/linorobot2_description/share/linorobot2_description/launch
[0.277s] -- Up-to-date: /home/robot-ros/ros2_ws/install/linorobot2_description/share/linorobot2_description/launch/description.launch.py
[0.277s] -- Up-to-date: /home/robot-ros/ros2_ws/install/linorobot2_description/share/linorobot2_description/urdf
[0.277s] -- Up-to-date: /home/robot-ros/ros2_ws/install/linorobot2_description/share/linorobot2_description/urdf/robots
[0.277s] -- Up-to-date: /home/robot-ros/ros2_ws/install/linorobot2_description/share/linorobot2_description/urdf/robots/4wd.urdf.xacro
[0.278s] -- Up-to-date: /home/robot-ros/ros2_ws/install/linorobot2_description/share/linorobot2_description/urdf/robots/2wd.urdf.xacro
[0.278s] -- Up-to-date: /home/robot-ros/ros2_ws/install/linorobot2_description/share/linorobot2_description/urdf/robots/mecanum.urdf.xacro
[0.278s] -- Up-to-date: /home/robot-ros/ros2_ws/install/linorobot2_description/share/linorobot2_description/urdf/robots/turtlebot.urdf.xacro
[0.278s] -- Up-to-date: /home/robot-ros/ros2_ws/install/linorobot2_description/share/linorobot2_description/urdf/robots/vattenkar.urdf.xacro
[0.278s] -- Up-to-date: /home/robot-ros/ros2_ws/install/linorobot2_description/share/linorobot2_description/urdf/controllers
[0.278s] -- Up-to-date: /home/robot-ros/ros2_ws/install/linorobot2_description/share/linorobot2_description/urdf/controllers/omni_drive.urdf.xacro
[0.278s] -- Up-to-date: /home/robot-ros/ros2_ws/install/linorobot2_description/share/linorobot2_description/urdf/controllers/skid_steer.urdf.xacro
[0.279s] -- Up-to-date: /home/robot-ros/ros2_ws/install/linorobot2_description/share/linorobot2_description/urdf/controllers/diff_drive.urdf.xacro
[0.279s] -- Up-to-date: /home/robot-ros/ros2_ws/install/linorobot2_description/share/linorobot2_description/urdf/mech
[0.279s] -- Up-to-date: /home/robot-ros/ros2_ws/install/linorobot2_description/share/linorobot2_description/urdf/mech/mecanum_wheel.urdf.xacro
[0.297s] -- Up-to-date: /home/robot-ros/ros2_ws/install/linorobot2_description/share/linorobot2_description/urdf/mech/wheel.urdf.xacro
[0.297s] -- Up-to-date: /home/robot-ros/ros2_ws/install/linorobot2_description/share/linorobot2_description/urdf/mech/base.urdf.xacro
[0.297s] -- Up-to-date: /home/robot-ros/ros2_ws/install/linorobot2_description/share/linorobot2_description/urdf/mech/caster_wheel.urdf.xacro
[0.297s] -- Up-to-date: /home/robot-ros/ros2_ws/install/linorobot2_description/share/linorobot2_description/urdf/4wd_properties.urdf.xacro
[0.297s] -- Up-to-date: /home/robot-ros/ros2_ws/install/linorobot2_description/share/linorobot2_description/urdf/sensors
[0.297s] -- Up-to-date: /home/robot-ros/ros2_ws/install/linorobot2_description/share/linorobot2_description/urdf/sensors/imu.urdf.xacro
[0.297s] -- Up-to-date: /home/robot-ros/ros2_ws/install/linorobot2_description/share/linorobot2_description/urdf/sensors/generic_laser.urdf.xacro
[0.298s] -- Up-to-date: /home/robot-ros/ros2_ws/install/linorobot2_description/share/linorobot2_description/urdf/sensors/laser.urdf.xacro
[0.298s] -- Up-to-date: /home/robot-ros/ros2_ws/install/linorobot2_description/share/linorobot2_description/urdf/sensors/depth_sensor.urdf.xacro
[0.298s] -- Up-to-date: /home/robot-ros/ros2_ws/install/linorobot2_description/share/linorobot2_description/urdf/2wd_properties.urdf.xacro
[0.298s] -- Up-to-date: /home/robot-ros/ros2_ws/install/linorobot2_description/share/linorobot2_description/urdf/mecanum_properties.urdf.xacro
[0.298s] -- Up-to-date: /home/robot-ros/ros2_ws/install/linorobot2_description/share/linorobot2_description/rviz
[0.299s] -- Up-to-date: /home/robot-ros/ros2_ws/install/linorobot2_description/share/linorobot2_description/rviz/description.rviz
[0.299s] -- Up-to-date: /home/robot-ros/ros2_ws/install/linorobot2_description/share/ament_index/resource_index/package_run_dependencies/linorobot2_description
[0.299s] -- Up-to-date: /home/robot-ros/ros2_ws/install/linorobot2_description/share/ament_index/resource_index/parent_prefix_path/linorobot2_description
[0.299s] -- Up-to-date: /home/robot-ros/ros2_ws/install/linorobot2_description/share/linorobot2_description/environment/ament_prefix_path.sh
[0.307s] -- Up-to-date: /home/robot-ros/ros2_ws/install/linorobot2_description/share/linorobot2_description/environment/ament_prefix_path.dsv
[0.307s] -- Up-to-date: /home/robot-ros/ros2_ws/install/linorobot2_description/share/linorobot2_description/environment/path.sh
[0.307s] -- Up-to-date: /home/robot-ros/ros2_ws/install/linorobot2_description/share/linorobot2_description/environment/path.dsv
[0.308s] -- Up-to-date: /home/robot-ros/ros2_ws/install/linorobot2_description/share/linorobot2_description/local_setup.bash
[0.308s] -- Up-to-date: /home/robot-ros/ros2_ws/install/linorobot2_description/share/linorobot2_description/local_setup.sh
[0.308s] -- Up-to-date: /home/robot-ros/ros2_ws/install/linorobot2_description/share/linorobot2_description/local_setup.zsh
[0.308s] -- Up-to-date: /home/robot-ros/ros2_ws/install/linorobot2_description/share/linorobot2_description/local_setup.dsv
[0.308s] -- Installing: /home/robot-ros/ros2_ws/install/linorobot2_description/share/linorobot2_description/package.dsv
[0.309s] -- Up-to-date: /home/robot-ros/ros2_ws/install/linorobot2_description/share/ament_index/resource_index/packages/linorobot2_description
[0.309s] -- Up-to-date: /home/robot-ros/ros2_ws/install/linorobot2_description/share/linorobot2_description/cmake/linorobot2_descriptionConfig.cmake
[0.309s] -- Up-to-date: /home/robot-ros/ros2_ws/install/linorobot2_description/share/linorobot2_description/cmake/linorobot2_descriptionConfig-version.cmake
[0.309s] -- Up-to-date: /home/robot-ros/ros2_ws/install/linorobot2_description/share/linorobot2_description/package.xml
[0.408s] Invoked command in '/home/robot-ros/ros2_ws/build/linorobot2_description' returned '0': CMAKE_PREFIX_PATH=${CMAKE_PREFIX_PATH}:/opt/ros/humble /usr/bin/cmake --install /home/robot-ros/ros2_ws/build/linorobot2_description
