[0.097s] Invoking command in '/home/robot-ros/ros2_ws/build/sllidar_ros2': CMAKE_PREFIX_PATH=${CMAKE_PREFIX_PATH}:/opt/ros/humble /usr/bin/cmake --build /home/robot-ros/ros2_ws/build/sllidar_ros2 -- -j4 -l4
[0.371s] [35m[1mConsolidate compiler generated dependencies of target sllidar_node[0m
[0.478s] [ 90%] Built target sllidar_node
[0.512s] [35m[1mConsolidate compiler generated dependencies of target sllidar_client[0m
[0.546s] [100%] Built target sllidar_client
[0.583s] Invoked command in '/home/robot-ros/ros2_ws/build/sllidar_ros2' returned '0': CMAKE_PREFIX_PATH=${CMAKE_PREFIX_PATH}:/opt/ros/humble /usr/bin/cmake --build /home/robot-ros/ros2_ws/build/sllidar_ros2 -- -j4 -l4
[0.586s] Invoking command in '/home/robot-ros/ros2_ws/build/sllidar_ros2': CMAKE_PREFIX_PATH=${CMAKE_PREFIX_PATH}:/opt/ros/humble /usr/bin/cmake --install /home/robot-ros/ros2_ws/build/sllidar_ros2
[0.601s] -- Install configuration: ""
[0.601s] -- Up-to-date: /home/robot-ros/ros2_ws/install/sllidar_ros2/share/sllidar_ros2/launch
[0.601s] -- Up-to-date: /home/robot-ros/ros2_ws/install/sllidar_ros2/share/sllidar_ros2/launch/view_sllidar_a3_launch.py
[0.601s] -- Up-to-date: /home/robot-ros/ros2_ws/install/sllidar_ros2/share/sllidar_ros2/launch/view_sllidar_c1_launch.py
[0.601s] -- Up-to-date: /home/robot-ros/ros2_ws/install/sllidar_ros2/share/sllidar_ros2/launch/sllidar_a2m12_launch .py
[0.602s] -- Up-to-date: /home/robot-ros/ros2_ws/install/sllidar_ros2/share/sllidar_ros2/launch/view_sllidar_t1_launch.py
[0.602s] -- Up-to-date: /home/robot-ros/ros2_ws/install/sllidar_ros2/share/sllidar_ros2/launch/view_sllidar_a2m12_launch.py
[0.603s] -- Up-to-date: /home/robot-ros/ros2_ws/install/sllidar_ros2/share/sllidar_ros2/launch/sllidar_a1_launch.py
[0.603s] -- Up-to-date: /home/robot-ros/ros2_ws/install/sllidar_ros2/share/sllidar_ros2/launch/view_sllidar_a2m7_launch.py
[0.603s] -- Up-to-date: /home/robot-ros/ros2_ws/install/sllidar_ros2/share/sllidar_ros2/launch/view_sllidar_a1_launch.py
[0.603s] -- Up-to-date: /home/robot-ros/ros2_ws/install/sllidar_ros2/share/sllidar_ros2/launch/sllidar_s3_launch.py
[0.603s] -- Up-to-date: /home/robot-ros/ros2_ws/install/sllidar_ros2/share/sllidar_ros2/launch/sllidar_t1_launch.py
[0.604s] -- Up-to-date: /home/robot-ros/ros2_ws/install/sllidar_ros2/share/sllidar_ros2/launch/sllidar_a3_launch.py
[0.604s] -- Up-to-date: /home/robot-ros/ros2_ws/install/sllidar_ros2/share/sllidar_ros2/launch/view_sllidar_s3_launch.py
[0.604s] -- Up-to-date: /home/robot-ros/ros2_ws/install/sllidar_ros2/share/sllidar_ros2/launch/sllidar_s2_launch.py
[0.604s] -- Up-to-date: /home/robot-ros/ros2_ws/install/sllidar_ros2/share/sllidar_ros2/launch/sllidar_s2e_launch.py
[0.604s] -- Up-to-date: /home/robot-ros/ros2_ws/install/sllidar_ros2/share/sllidar_ros2/launch/view_sllidar_s2e_launch.py
[0.605s] -- Up-to-date: /home/robot-ros/ros2_ws/install/sllidar_ros2/share/sllidar_ros2/launch/sllidar_a2m7_launch.py
[0.605s] -- Up-to-date: /home/robot-ros/ros2_ws/install/sllidar_ros2/share/sllidar_ros2/launch/view_sllidar_s1_launch.py
[0.605s] -- Up-to-date: /home/robot-ros/ros2_ws/install/sllidar_ros2/share/sllidar_ros2/launch/sllidar_s1_launch.py
[0.605s] -- Up-to-date: /home/robot-ros/ros2_ws/install/sllidar_ros2/share/sllidar_ros2/launch/sllidar_s1_tcp_launch.py
[0.605s] -- Up-to-date: /home/robot-ros/ros2_ws/install/sllidar_ros2/share/sllidar_ros2/launch/view_sllidar_s2_launch.py
[0.605s] -- Up-to-date: /home/robot-ros/ros2_ws/install/sllidar_ros2/share/sllidar_ros2/launch/sllidar_c1_launch.py
[0.605s] -- Up-to-date: /home/robot-ros/ros2_ws/install/sllidar_ros2/share/sllidar_ros2/launch/sllidar_a2m8_launch.py
[0.606s] -- Up-to-date: /home/robot-ros/ros2_ws/install/sllidar_ros2/share/sllidar_ros2/launch/view_sllidar_s1_tcp_launch.py
[0.606s] -- Up-to-date: /home/robot-ros/ros2_ws/install/sllidar_ros2/share/sllidar_ros2/launch/view_sllidar_a2m8_launch.py
[0.606s] -- Up-to-date: /home/robot-ros/ros2_ws/install/sllidar_ros2/share/sllidar_ros2/rviz
[0.606s] -- Up-to-date: /home/robot-ros/ros2_ws/install/sllidar_ros2/share/sllidar_ros2/rviz/sllidar_ros2.rviz
[0.606s] -- Up-to-date: /home/robot-ros/ros2_ws/install/sllidar_ros2/lib/sllidar_ros2/sllidar_node
[0.606s] -- Up-to-date: /home/robot-ros/ros2_ws/install/sllidar_ros2/lib/sllidar_ros2/sllidar_client
[0.606s] -- Up-to-date: /home/robot-ros/ros2_ws/install/sllidar_ros2/share/ament_index/resource_index/package_run_dependencies/sllidar_ros2
[0.606s] -- Up-to-date: /home/robot-ros/ros2_ws/install/sllidar_ros2/share/ament_index/resource_index/parent_prefix_path/sllidar_ros2
[0.606s] -- Up-to-date: /home/robot-ros/ros2_ws/install/sllidar_ros2/share/sllidar_ros2/environment/ament_prefix_path.sh
[0.607s] -- Up-to-date: /home/robot-ros/ros2_ws/install/sllidar_ros2/share/sllidar_ros2/environment/ament_prefix_path.dsv
[0.607s] -- Up-to-date: /home/robot-ros/ros2_ws/install/sllidar_ros2/share/sllidar_ros2/environment/path.sh
[0.607s] -- Up-to-date: /home/robot-ros/ros2_ws/install/sllidar_ros2/share/sllidar_ros2/environment/path.dsv
[0.607s] -- Up-to-date: /home/robot-ros/ros2_ws/install/sllidar_ros2/share/sllidar_ros2/local_setup.bash
[0.607s] -- Up-to-date: /home/robot-ros/ros2_ws/install/sllidar_ros2/share/sllidar_ros2/local_setup.sh
[0.607s] -- Up-to-date: /home/robot-ros/ros2_ws/install/sllidar_ros2/share/sllidar_ros2/local_setup.zsh
[0.607s] -- Up-to-date: /home/robot-ros/ros2_ws/install/sllidar_ros2/share/sllidar_ros2/local_setup.dsv
[0.609s] -- Installing: /home/robot-ros/ros2_ws/install/sllidar_ros2/share/sllidar_ros2/package.dsv
[0.609s] -- Up-to-date: /home/robot-ros/ros2_ws/install/sllidar_ros2/share/ament_index/resource_index/packages/sllidar_ros2
[0.609s] -- Up-to-date: /home/robot-ros/ros2_ws/install/sllidar_ros2/share/sllidar_ros2/cmake/ament_cmake_export_dependencies-extras.cmake
[0.609s] -- Up-to-date: /home/robot-ros/ros2_ws/install/sllidar_ros2/share/sllidar_ros2/cmake/ament_cmake_export_include_directories-extras.cmake
[0.609s] -- Up-to-date: /home/robot-ros/ros2_ws/install/sllidar_ros2/share/sllidar_ros2/cmake/sllidar_ros2Config.cmake
[0.609s] -- Up-to-date: /home/robot-ros/ros2_ws/install/sllidar_ros2/share/sllidar_ros2/cmake/sllidar_ros2Config-version.cmake
[0.610s] -- Up-to-date: /home/robot-ros/ros2_ws/install/sllidar_ros2/share/sllidar_ros2/package.xml
[0.616s] Invoked command in '/home/robot-ros/ros2_ws/build/sllidar_ros2' returned '0': CMAKE_PREFIX_PATH=${CMAKE_PREFIX_PATH}:/opt/ros/humble /usr/bin/cmake --install /home/robot-ros/ros2_ws/build/sllidar_ros2
