[0.020s] Invoking command in '/home/robot-ros/ros2_ws/build/linorobot2_bringup': CMAKE_PREFIX_PATH=/home/robot-ros/ros2_ws/install/micro_ros_agent:/home/robot-ros/ros2_ws/install/micro_ros_msgs:/home/robot-ros/ros2_ws/install/sllidar_ros2:/home/robot-ros/ros2_ws/install/micro_ros_setup:/home/robot-ros/ros2_ws/install/linorobot2_bringup:/home/robot-ros/ros2_ws/install/linorobot2_navigation:/home/robot-ros/ros2_ws/install/linorobot2_gazebo:/home/robot-ros/ros2_ws/install/linorobot2_description:/home/robot-ros/ros2_ws/install/linorobot2_base:/home/robot-ros/ros2_ws/install/linorobot2:/opt/ros/humble /usr/bin/cmake --build /home/robot-ros/ros2_ws/build/linorobot2_bringup -- -j4 -l4
[0.069s] Invoked command in '/home/robot-ros/ros2_ws/build/linorobot2_bringup' returned '0': CMAKE_PREFIX_PATH=/home/robot-ros/ros2_ws/install/micro_ros_agent:/home/robot-ros/ros2_ws/install/micro_ros_msgs:/home/robot-ros/ros2_ws/install/sllidar_ros2:/home/robot-ros/ros2_ws/install/micro_ros_setup:/home/robot-ros/ros2_ws/install/linorobot2_bringup:/home/robot-ros/ros2_ws/install/linorobot2_navigation:/home/robot-ros/ros2_ws/install/linorobot2_gazebo:/home/robot-ros/ros2_ws/install/linorobot2_description:/home/robot-ros/ros2_ws/install/linorobot2_base:/home/robot-ros/ros2_ws/install/linorobot2:/opt/ros/humble /usr/bin/cmake --build /home/robot-ros/ros2_ws/build/linorobot2_bringup -- -j4 -l4
[0.074s] Invoking command in '/home/robot-ros/ros2_ws/build/linorobot2_bringup': CMAKE_PREFIX_PATH=/home/robot-ros/ros2_ws/install/micro_ros_agent:/home/robot-ros/ros2_ws/install/micro_ros_msgs:/home/robot-ros/ros2_ws/install/sllidar_ros2:/home/robot-ros/ros2_ws/install/micro_ros_setup:/home/robot-ros/ros2_ws/install/linorobot2_bringup:/home/robot-ros/ros2_ws/install/linorobot2_navigation:/home/robot-ros/ros2_ws/install/linorobot2_gazebo:/home/robot-ros/ros2_ws/install/linorobot2_description:/home/robot-ros/ros2_ws/install/linorobot2_base:/home/robot-ros/ros2_ws/install/linorobot2:/opt/ros/humble /usr/bin/cmake --install /home/robot-ros/ros2_ws/build/linorobot2_bringup
[0.091s] -- Install configuration: ""
[0.094s] -- Up-to-date: /home/robot-ros/ros2_ws/install/linorobot2_bringup/share/linorobot2_bringup/launch
[0.095s] -- Up-to-date: /home/robot-ros/ros2_ws/install/linorobot2_bringup/share/linorobot2_bringup/launch/depth.launch.py
[0.095s] -- Up-to-date: /home/robot-ros/ros2_ws/install/linorobot2_bringup/share/linorobot2_bringup/launch/sensors.launch.py
[0.095s] -- Up-to-date: /home/robot-ros/ros2_ws/install/linorobot2_bringup/share/linorobot2_bringup/launch/joy_teleop.launch.py
[0.096s] -- Up-to-date: /home/robot-ros/ros2_ws/install/linorobot2_bringup/share/linorobot2_bringup/launch/lasers.launch.py
[0.096s] -- Up-to-date: /home/robot-ros/ros2_ws/install/linorobot2_bringup/share/linorobot2_bringup/launch/default_robot.launch.py
[0.096s] -- Up-to-date: /home/robot-ros/ros2_ws/install/linorobot2_bringup/share/linorobot2_bringup/launch/extra.launch.py
[0.096s] -- Up-to-date: /home/robot-ros/ros2_ws/install/linorobot2_bringup/share/linorobot2_bringup/launch/bringup.launch.py
[0.099s] -- Up-to-date: /home/robot-ros/ros2_ws/install/linorobot2_bringup/share/linorobot2_bringup/launch/custom_robot.launch.py
[0.099s] -- Up-to-date: /home/robot-ros/ros2_ws/install/linorobot2_bringup/share/linorobot2_bringup/config
[0.099s] -- Up-to-date: /home/robot-ros/ros2_ws/install/linorobot2_bringup/share/linorobot2_bringup/config/lidar_filter.yaml
[0.099s] -- Up-to-date: /home/robot-ros/ros2_ws/install/linorobot2_bringup/share/linorobot2_bringup/config/joy.yaml
[0.099s] -- Up-to-date: /home/robot-ros/ros2_ws/install/linorobot2_bringup/share/linorobot2_bringup/config/fake_laser.yaml
[0.099s] -- Up-to-date: /home/robot-ros/ros2_ws/install/linorobot2_bringup/share/linorobot2_bringup/config/zed_common.yaml
[0.099s] -- Up-to-date: /home/robot-ros/ros2_ws/install/linorobot2_bringup/share/linorobot2_bringup/config/box_laser_filter.yaml
[0.100s] -- Up-to-date: /home/robot-ros/ros2_ws/install/linorobot2_bringup/share/ament_index/resource_index/package_run_dependencies/linorobot2_bringup
[0.100s] -- Up-to-date: /home/robot-ros/ros2_ws/install/linorobot2_bringup/share/ament_index/resource_index/parent_prefix_path/linorobot2_bringup
[0.100s] -- Up-to-date: /home/robot-ros/ros2_ws/install/linorobot2_bringup/share/linorobot2_bringup/environment/ament_prefix_path.sh
[0.100s] -- Up-to-date: /home/robot-ros/ros2_ws/install/linorobot2_bringup/share/linorobot2_bringup/environment/ament_prefix_path.dsv
[0.100s] -- Up-to-date: /home/robot-ros/ros2_ws/install/linorobot2_bringup/share/linorobot2_bringup/environment/path.sh
[0.100s] -- Up-to-date: /home/robot-ros/ros2_ws/install/linorobot2_bringup/share/linorobot2_bringup/environment/path.dsv
[0.100s] -- Up-to-date: /home/robot-ros/ros2_ws/install/linorobot2_bringup/share/linorobot2_bringup/local_setup.bash
[0.100s] -- Up-to-date: /home/robot-ros/ros2_ws/install/linorobot2_bringup/share/linorobot2_bringup/local_setup.sh
[0.101s] -- Up-to-date: /home/robot-ros/ros2_ws/install/linorobot2_bringup/share/linorobot2_bringup/local_setup.zsh
[0.101s] -- Up-to-date: /home/robot-ros/ros2_ws/install/linorobot2_bringup/share/linorobot2_bringup/local_setup.dsv
[0.101s] -- Installing: /home/robot-ros/ros2_ws/install/linorobot2_bringup/share/linorobot2_bringup/package.dsv
[0.101s] -- Up-to-date: /home/robot-ros/ros2_ws/install/linorobot2_bringup/share/ament_index/resource_index/packages/linorobot2_bringup
[0.101s] -- Up-to-date: /home/robot-ros/ros2_ws/install/linorobot2_bringup/share/linorobot2_bringup/cmake/linorobot2_bringupConfig.cmake
[0.101s] -- Up-to-date: /home/robot-ros/ros2_ws/install/linorobot2_bringup/share/linorobot2_bringup/cmake/linorobot2_bringupConfig-version.cmake
[0.101s] -- Up-to-date: /home/robot-ros/ros2_ws/install/linorobot2_bringup/share/linorobot2_bringup/package.xml
[0.105s] Invoked command in '/home/robot-ros/ros2_ws/build/linorobot2_bringup' returned '0': CMAKE_PREFIX_PATH=/home/robot-ros/ros2_ws/install/micro_ros_agent:/home/robot-ros/ros2_ws/install/micro_ros_msgs:/home/robot-ros/ros2_ws/install/sllidar_ros2:/home/robot-ros/ros2_ws/install/micro_ros_setup:/home/robot-ros/ros2_ws/install/linorobot2_bringup:/home/robot-ros/ros2_ws/install/linorobot2_navigation:/home/robot-ros/ros2_ws/install/linorobot2_gazebo:/home/robot-ros/ros2_ws/install/linorobot2_description:/home/robot-ros/ros2_ws/install/linorobot2_base:/home/robot-ros/ros2_ws/install/linorobot2:/opt/ros/humble /usr/bin/cmake --install /home/robot-ros/ros2_ws/build/linorobot2_bringup
