[0.061s] Invoking command in '/home/robot-ros/ros2_ws/build/linorobot2_navigation': CMAKE_PREFIX_PATH=${CMAKE_PREFIX_PATH}:/opt/ros/humble /usr/bin/cmake --build /home/robot-ros/ros2_ws/build/linorobot2_navigation -- -j4 -l4
[0.221s] Invoked command in '/home/robot-ros/ros2_ws/build/linorobot2_navigation' returned '0': CMAKE_PREFIX_PATH=${CMAKE_PREFIX_PATH}:/opt/ros/humble /usr/bin/cmake --build /home/robot-ros/ros2_ws/build/linorobot2_navigation -- -j4 -l4
[0.231s] Invoking command in '/home/robot-ros/ros2_ws/build/linorobot2_navigation': CMAKE_PREFIX_PATH=${CMAKE_PREFIX_PATH}:/opt/ros/humble /usr/bin/cmake --install /home/robot-ros/ros2_ws/build/linorobot2_navigation
[0.251s] -- Install configuration: ""
[0.256s] -- Up-to-date: /home/robot-ros/ros2_ws/install/linorobot2_navigation/share/linorobot2_navigation/launch
[0.257s] -- Up-to-date: /home/robot-ros/ros2_ws/install/linorobot2_navigation/share/linorobot2_navigation/launch/navigation.launch.py
[0.257s] -- Up-to-date: /home/robot-ros/ros2_ws/install/linorobot2_navigation/share/linorobot2_navigation/launch/slam.launch.py
[0.257s] -- Up-to-date: /home/robot-ros/ros2_ws/install/linorobot2_navigation/share/linorobot2_navigation/rviz
[0.257s] -- Up-to-date: /home/robot-ros/ros2_ws/install/linorobot2_navigation/share/linorobot2_navigation/rviz/linorobot2_navigation_minimal.rviz
[0.257s] -- Up-to-date: /home/robot-ros/ros2_ws/install/linorobot2_navigation/share/linorobot2_navigation/rviz/linorobot2_navigation.rviz
[0.257s] -- Up-to-date: /home/robot-ros/ros2_ws/install/linorobot2_navigation/share/linorobot2_navigation/rviz/linorobot2_slam.rviz
[0.259s] -- Up-to-date: /home/robot-ros/ros2_ws/install/linorobot2_navigation/share/linorobot2_navigation/config
[0.259s] -- Up-to-date: /home/robot-ros/ros2_ws/install/linorobot2_navigation/share/linorobot2_navigation/config/navigation1.yaml
[0.261s] -- Installing: /home/robot-ros/ros2_ws/install/linorobot2_navigation/share/linorobot2_navigation/config/navigation.yaml
[0.261s] -- Up-to-date: /home/robot-ros/ros2_ws/install/linorobot2_navigation/share/linorobot2_navigation/config/navigation_sim.yaml
[0.261s] -- Up-to-date: /home/robot-ros/ros2_ws/install/linorobot2_navigation/share/linorobot2_navigation/config/slam.yaml
[0.265s] -- Up-to-date: /home/robot-ros/ros2_ws/install/linorobot2_navigation/share/linorobot2_navigation/maps
[0.270s] -- Up-to-date: /home/robot-ros/ros2_ws/install/linorobot2_navigation/share/linorobot2_navigation/maps/playground.pgm
[0.271s] -- Up-to-date: /home/robot-ros/ros2_ws/install/linorobot2_navigation/share/linorobot2_navigation/maps/playground.yaml
[0.271s] -- Up-to-date: /home/robot-ros/ros2_ws/install/linorobot2_navigation/share/linorobot2_navigation/maps/map.pgm
[0.271s] -- Up-to-date: /home/robot-ros/ros2_ws/install/linorobot2_navigation/share/linorobot2_navigation/maps/map.yaml
[0.271s] -- Up-to-date: /home/robot-ros/ros2_ws/install/linorobot2_navigation/share/ament_index/resource_index/package_run_dependencies/linorobot2_navigation
[0.271s] -- Up-to-date: /home/robot-ros/ros2_ws/install/linorobot2_navigation/share/ament_index/resource_index/parent_prefix_path/linorobot2_navigation
[0.271s] -- Up-to-date: /home/robot-ros/ros2_ws/install/linorobot2_navigation/share/linorobot2_navigation/environment/ament_prefix_path.sh
[0.271s] -- Up-to-date: /home/robot-ros/ros2_ws/install/linorobot2_navigation/share/linorobot2_navigation/environment/ament_prefix_path.dsv
[0.271s] -- Up-to-date: /home/robot-ros/ros2_ws/install/linorobot2_navigation/share/linorobot2_navigation/environment/path.sh
[0.272s] -- Up-to-date: /home/robot-ros/ros2_ws/install/linorobot2_navigation/share/linorobot2_navigation/environment/path.dsv
[0.272s] -- Up-to-date: /home/robot-ros/ros2_ws/install/linorobot2_navigation/share/linorobot2_navigation/local_setup.bash
[0.272s] -- Up-to-date: /home/robot-ros/ros2_ws/install/linorobot2_navigation/share/linorobot2_navigation/local_setup.sh
[0.273s] -- Up-to-date: /home/robot-ros/ros2_ws/install/linorobot2_navigation/share/linorobot2_navigation/local_setup.zsh
[0.273s] -- Up-to-date: /home/robot-ros/ros2_ws/install/linorobot2_navigation/share/linorobot2_navigation/local_setup.dsv
[0.273s] -- Installing: /home/robot-ros/ros2_ws/install/linorobot2_navigation/share/linorobot2_navigation/package.dsv
[0.274s] -- Up-to-date: /home/robot-ros/ros2_ws/install/linorobot2_navigation/share/ament_index/resource_index/packages/linorobot2_navigation
[0.274s] -- Up-to-date: /home/robot-ros/ros2_ws/install/linorobot2_navigation/share/linorobot2_navigation/cmake/linorobot2_navigationConfig.cmake
[0.274s] -- Up-to-date: /home/robot-ros/ros2_ws/install/linorobot2_navigation/share/linorobot2_navigation/cmake/linorobot2_navigationConfig-version.cmake
[0.274s] -- Up-to-date: /home/robot-ros/ros2_ws/install/linorobot2_navigation/share/linorobot2_navigation/package.xml
[0.307s] Invoked command in '/home/robot-ros/ros2_ws/build/linorobot2_navigation' returned '0': CMAKE_PREFIX_PATH=${CMAKE_PREFIX_PATH}:/opt/ros/humble /usr/bin/cmake --install /home/robot-ros/ros2_ws/build/linorobot2_navigation
