[0.020s] Invoking command in '/home/robot-ros/ros2_ws/build/linorobot2_bringup': CMAKE_PREFIX_PATH=/home/robot-ros/ros2_ws/install/micro_ros_agent:/home/robot-ros/ros2_ws/install/micro_ros_msgs:/home/robot-ros/ros2_ws/install/sllidar_ros2:/home/robot-ros/ros2_ws/install/micro_ros_setup:/home/robot-ros/ros2_ws/install/linorobot2_bringup:/home/robot-ros/ros2_ws/install/linorobot2_navigation:/home/robot-ros/ros2_ws/install/linorobot2_gazebo:/home/robot-ros/ros2_ws/install/linorobot2_description:/home/robot-ros/ros2_ws/install/linorobot2_base:/home/robot-ros/ros2_ws/install/linorobot2:/opt/ros/humble /usr/bin/cmake /home/robot-ros/ros2_ws/src/linorobot2/linorobot2_bringup -DCMAKE_INSTALL_PREFIX=/home/robot-ros/ros2_ws/install/linorobot2_bringup
[0.146s] -- The C compiler identification is GNU 11.4.0
[0.237s] -- The CXX compiler identification is GNU 11.4.0
[0.252s] -- Detecting C compiler ABI info
[0.364s] -- Detecting C compiler ABI info - done
[0.374s] -- Check for working C compiler: /usr/bin/cc - skipped
[0.374s] -- Detecting C compile features
[0.375s] -- Detecting C compile features - done
[0.379s] -- Detecting CXX compiler ABI info
[0.493s] -- Detecting CXX compiler ABI info - done
[0.508s] -- Check for working CXX compiler: /usr/bin/c++ - skipped
[0.509s] -- Detecting CXX compile features
[0.511s] -- Detecting CXX compile features - done
[0.517s] -- Found ament_cmake: 1.3.11 (/opt/ros/humble/share/ament_cmake/cmake)
[1.853s] -- Found Python3: /usr/bin/python3 (found version "3.10.12") found components: Interpreter 
[2.093s] -- Configuring done
[2.097s] -- Generating done
[2.100s] -- Build files have been written to: /home/robot-ros/ros2_ws/build/linorobot2_bringup
[2.111s] Invoked command in '/home/robot-ros/ros2_ws/build/linorobot2_bringup' returned '0': CMAKE_PREFIX_PATH=/home/robot-ros/ros2_ws/install/micro_ros_agent:/home/robot-ros/ros2_ws/install/micro_ros_msgs:/home/robot-ros/ros2_ws/install/sllidar_ros2:/home/robot-ros/ros2_ws/install/micro_ros_setup:/home/robot-ros/ros2_ws/install/linorobot2_bringup:/home/robot-ros/ros2_ws/install/linorobot2_navigation:/home/robot-ros/ros2_ws/install/linorobot2_gazebo:/home/robot-ros/ros2_ws/install/linorobot2_description:/home/robot-ros/ros2_ws/install/linorobot2_base:/home/robot-ros/ros2_ws/install/linorobot2:/opt/ros/humble /usr/bin/cmake /home/robot-ros/ros2_ws/src/linorobot2/linorobot2_bringup -DCMAKE_INSTALL_PREFIX=/home/robot-ros/ros2_ws/install/linorobot2_bringup
[2.116s] Invoking command in '/home/robot-ros/ros2_ws/build/linorobot2_bringup': CMAKE_PREFIX_PATH=/home/robot-ros/ros2_ws/install/micro_ros_agent:/home/robot-ros/ros2_ws/install/micro_ros_msgs:/home/robot-ros/ros2_ws/install/sllidar_ros2:/home/robot-ros/ros2_ws/install/micro_ros_setup:/home/robot-ros/ros2_ws/install/linorobot2_bringup:/home/robot-ros/ros2_ws/install/linorobot2_navigation:/home/robot-ros/ros2_ws/install/linorobot2_gazebo:/home/robot-ros/ros2_ws/install/linorobot2_description:/home/robot-ros/ros2_ws/install/linorobot2_base:/home/robot-ros/ros2_ws/install/linorobot2:/opt/ros/humble /usr/bin/cmake --build /home/robot-ros/ros2_ws/build/linorobot2_bringup -- -j4 -l4
[2.163s] Invoked command in '/home/robot-ros/ros2_ws/build/linorobot2_bringup' returned '0': CMAKE_PREFIX_PATH=/home/robot-ros/ros2_ws/install/micro_ros_agent:/home/robot-ros/ros2_ws/install/micro_ros_msgs:/home/robot-ros/ros2_ws/install/sllidar_ros2:/home/robot-ros/ros2_ws/install/micro_ros_setup:/home/robot-ros/ros2_ws/install/linorobot2_bringup:/home/robot-ros/ros2_ws/install/linorobot2_navigation:/home/robot-ros/ros2_ws/install/linorobot2_gazebo:/home/robot-ros/ros2_ws/install/linorobot2_description:/home/robot-ros/ros2_ws/install/linorobot2_base:/home/robot-ros/ros2_ws/install/linorobot2:/opt/ros/humble /usr/bin/cmake --build /home/robot-ros/ros2_ws/build/linorobot2_bringup -- -j4 -l4
[2.165s] Invoking command in '/home/robot-ros/ros2_ws/build/linorobot2_bringup': CMAKE_PREFIX_PATH=/home/robot-ros/ros2_ws/install/micro_ros_agent:/home/robot-ros/ros2_ws/install/micro_ros_msgs:/home/robot-ros/ros2_ws/install/sllidar_ros2:/home/robot-ros/ros2_ws/install/micro_ros_setup:/home/robot-ros/ros2_ws/install/linorobot2_bringup:/home/robot-ros/ros2_ws/install/linorobot2_navigation:/home/robot-ros/ros2_ws/install/linorobot2_gazebo:/home/robot-ros/ros2_ws/install/linorobot2_description:/home/robot-ros/ros2_ws/install/linorobot2_base:/home/robot-ros/ros2_ws/install/linorobot2:/opt/ros/humble /usr/bin/cmake --install /home/robot-ros/ros2_ws/build/linorobot2_bringup
[2.174s] -- Install configuration: ""
[2.174s] -- Installing: /home/robot-ros/ros2_ws/install/linorobot2_bringup/share/linorobot2_bringup/launch
[2.174s] -- Installing: /home/robot-ros/ros2_ws/install/linorobot2_bringup/share/linorobot2_bringup/launch/depth.launch.py
[2.175s] -- Installing: /home/robot-ros/ros2_ws/install/linorobot2_bringup/share/linorobot2_bringup/launch/sensors.launch.py
[2.175s] -- Installing: /home/robot-ros/ros2_ws/install/linorobot2_bringup/share/linorobot2_bringup/launch/joy_teleop.launch.py
[2.175s] -- Installing: /home/robot-ros/ros2_ws/install/linorobot2_bringup/share/linorobot2_bringup/launch/lasers.launch.py
[2.175s] -- Installing: /home/robot-ros/ros2_ws/install/linorobot2_bringup/share/linorobot2_bringup/launch/default_robot.launch.py
[2.175s] -- Installing: /home/robot-ros/ros2_ws/install/linorobot2_bringup/share/linorobot2_bringup/launch/extra.launch.py
[2.175s] -- Installing: /home/robot-ros/ros2_ws/install/linorobot2_bringup/share/linorobot2_bringup/launch/bringup.launch.py
[2.176s] -- Installing: /home/robot-ros/ros2_ws/install/linorobot2_bringup/share/linorobot2_bringup/launch/custom_robot.launch.py
[2.176s] -- Installing: /home/robot-ros/ros2_ws/install/linorobot2_bringup/share/linorobot2_bringup/config
[2.176s] -- Installing: /home/robot-ros/ros2_ws/install/linorobot2_bringup/share/linorobot2_bringup/config/lidar_filter.yaml
[2.176s] -- Installing: /home/robot-ros/ros2_ws/install/linorobot2_bringup/share/linorobot2_bringup/config/joy.yaml
[2.177s] -- Installing: /home/robot-ros/ros2_ws/install/linorobot2_bringup/share/linorobot2_bringup/config/fake_laser.yaml
[2.177s] -- Installing: /home/robot-ros/ros2_ws/install/linorobot2_bringup/share/linorobot2_bringup/config/zed_common.yaml
[2.177s] -- Installing: /home/robot-ros/ros2_ws/install/linorobot2_bringup/share/linorobot2_bringup/config/box_laser_filter.yaml
[2.177s] -- Installing: /home/robot-ros/ros2_ws/install/linorobot2_bringup/share/ament_index/resource_index/package_run_dependencies/linorobot2_bringup
[2.177s] -- Installing: /home/robot-ros/ros2_ws/install/linorobot2_bringup/share/ament_index/resource_index/parent_prefix_path/linorobot2_bringup
[2.177s] -- Installing: /home/robot-ros/ros2_ws/install/linorobot2_bringup/share/linorobot2_bringup/environment/ament_prefix_path.sh
[2.178s] -- Installing: /home/robot-ros/ros2_ws/install/linorobot2_bringup/share/linorobot2_bringup/environment/ament_prefix_path.dsv
[2.178s] -- Installing: /home/robot-ros/ros2_ws/install/linorobot2_bringup/share/linorobot2_bringup/environment/path.sh
[2.178s] -- Installing: /home/robot-ros/ros2_ws/install/linorobot2_bringup/share/linorobot2_bringup/environment/path.dsv
[2.178s] -- Installing: /home/robot-ros/ros2_ws/install/linorobot2_bringup/share/linorobot2_bringup/local_setup.bash
[2.178s] -- Installing: /home/robot-ros/ros2_ws/install/linorobot2_bringup/share/linorobot2_bringup/local_setup.sh
[2.178s] -- Installing: /home/robot-ros/ros2_ws/install/linorobot2_bringup/share/linorobot2_bringup/local_setup.zsh
[2.179s] -- Installing: /home/robot-ros/ros2_ws/install/linorobot2_bringup/share/linorobot2_bringup/local_setup.dsv
[2.179s] -- Installing: /home/robot-ros/ros2_ws/install/linorobot2_bringup/share/linorobot2_bringup/package.dsv
[2.179s] -- Installing: /home/robot-ros/ros2_ws/install/linorobot2_bringup/share/ament_index/resource_index/packages/linorobot2_bringup
[2.179s] -- Installing: /home/robot-ros/ros2_ws/install/linorobot2_bringup/share/linorobot2_bringup/cmake/linorobot2_bringupConfig.cmake
[2.179s] -- Installing: /home/robot-ros/ros2_ws/install/linorobot2_bringup/share/linorobot2_bringup/cmake/linorobot2_bringupConfig-version.cmake
[2.180s] -- Installing: /home/robot-ros/ros2_ws/install/linorobot2_bringup/share/linorobot2_bringup/package.xml
[2.183s] Invoked command in '/home/robot-ros/ros2_ws/build/linorobot2_bringup' returned '0': CMAKE_PREFIX_PATH=/home/robot-ros/ros2_ws/install/micro_ros_agent:/home/robot-ros/ros2_ws/install/micro_ros_msgs:/home/robot-ros/ros2_ws/install/sllidar_ros2:/home/robot-ros/ros2_ws/install/micro_ros_setup:/home/robot-ros/ros2_ws/install/linorobot2_bringup:/home/robot-ros/ros2_ws/install/linorobot2_navigation:/home/robot-ros/ros2_ws/install/linorobot2_gazebo:/home/robot-ros/ros2_ws/install/linorobot2_description:/home/robot-ros/ros2_ws/install/linorobot2_base:/home/robot-ros/ros2_ws/install/linorobot2:/opt/ros/humble /usr/bin/cmake --install /home/robot-ros/ros2_ws/build/linorobot2_bringup
